This is pdfTeX, Version 3.141592653-2.6-1.40.28 (MiKTeX 25.12) (preloaded format=pdflatex 2026.1.20)  20 MAY 2026 12:26
entering extended mode
 \write18 enabled.
 %&-line parsing enabled.
**./mgr.tex
(mgr.tex
LaTeX2e <2025-11-01>
L3 programming layer <2025-12-29>
(D:\MiKTeX\tex/latex/base\report.cls
Document Class: report 2025/01/22 v1.4n Standard LaTeX document class
(D:\MiKTeX\tex/latex/base\size12.clo
File: size12.clo 2025/01/22 v1.4n Standard LaTeX file (size option)
)
\c@part=\count275
\c@chapter=\count276
\c@section=\count277
\c@subsection=\count278
\c@subsubsection=\count279
\c@paragraph=\count280
\c@subparagraph=\count281
\c@figure=\count282
\c@table=\count283
\abovecaptionskip=\skip49
\belowcaptionskip=\skip50
\bibindent=\dimen148
) (D:\MiKTeX\tex/latex/base\fontenc.sty
Package: fontenc 2025/07/18 v2.1d Standard LaTeX package
) (D:\MiKTeX\tex/latex/base\inputenc.sty
Package: inputenc 2024/02/08 v1.3d Input encoding file
\inpenc@prehook=\toks17
\inpenc@posthook=\toks18
) (D:\MiKTeX\tex/generic/babel\babel.sty
Package: babel 2025/12/30 v25.18 The multilingual framework for LuaLaTeX, pdfLaTeX and XeLaTeX
\babel@savecnt=\count284
LaTeX Encoding Info:    Redeclaring text command \ij (encoding OT1) on input line 2068.
LaTeX Encoding Info:    Redeclaring text command \IJ (encoding OT1) on input line 2070.
LaTeX Encoding Info:    Redeclaring text command \ij (encoding T1) on input line 2072.
LaTeX Encoding Info:    Redeclaring text command \IJ (encoding T1) on input line 2073.
LaTeX Encoding Info:    Ignoring declaration for text command \ij (encoding ?) on input line 2074.
LaTeX Encoding Info:    Ignoring declaration for text command \IJ (encoding ?) on input line 2076.
LaTeX Encoding Info:    Ignoring declaration for text command \SS (encoding ?) on input line 2101.
\U@D=\dimen149
\l@unhyphenated=\language79
 (D:\MiKTeX\tex/generic/babel\txtbabel.def)
\bbl@readstream=\read2
\bbl@dirlevel=\count285
Package babel Info: Configuration files are deprecated, as
(babel)             they can break document portability.
(babel)             Reported on input line 4197.

*************************************
* Local config file bblopts.cfg used
*
(D:\MiKTeX\tex/latex/arabi\bblopts.cfg
File: bblopts.cfg 2005/09/08 v0.1 add Arabic and Farsi to "declared" options of babel
) (D:\MiKTeX\tex/generic/babel/locale/pl\babel-polish.tex)
Package babel Info: Importing font and identification data for polish
(babel)             from babel-pl.ini. Reported on input line 4321.
 (D:\MiKTeX\tex/latex/babel-polish\polish.ldf
Language: polish 2022/03/12 1.3 Babel support for Polish
Package babel Info: Making " an active character on input line 101.
)) (D:\MiKTeX\tex/latex/setspace\setspace.sty
Package: setspace 2022/12/04 v6.7b set line spacing
) (D:\MiKTeX\tex/latex/changepage\chngpage.sty
Package: chngpage 2009/10/20 v1.2b change page layout
\c@cp@cnt=\count286
\c@cp@tempcnt=\count287
) (D:\MiKTeX\tex/latex/graphics\color.sty
Package: color 2025/01/14 v1.3e Standard LaTeX Color (DPC)
 (D:\MiKTeX\tex/latex/graphics-cfg\color.cfg
File: color.cfg 2016/01/02 v1.6 sample color configuration
)
Package color Info: Driver file: pdftex.def on input line 149.
 (D:\MiKTeX\tex/latex/graphics-def\pdftex.def
File: pdftex.def 2025/09/29 v1.2d Graphics/color driver for pdftex
) (D:\MiKTeX\tex/latex/graphics\mathcolor.ltx)) (D:\MiKTeX\tex/latex/xcolor\xcolor.sty
Package: xcolor 2024/09/29 v3.02 LaTeX color extensions (UK)
 (D:\MiKTeX\tex/latex/graphics-cfg\color.cfg
File: color.cfg 2016/01/02 v1.6 sample color configuration
)
Package xcolor Info: Driver file: pdftex.def on input line 274.
LaTeX Info: Redefining \color on input line 762.
 (D:\MiKTeX\tex/latex/graphics\mathcolor.ltx)
Package xcolor Info: Model `cmy' substituted by `cmy0' on input line 1349.
Package xcolor Info: Model `hsb' substituted by `rgb' on input line 1353.
Package xcolor Info: Model `RGB' extended on input line 1365.
Package xcolor Info: Model `HTML' substituted by `rgb' on input line 1367.
Package xcolor Info: Model `Hsb' substituted by `hsb' on input line 1368.
Package xcolor Info: Model `tHsb' substituted by `hsb' on input line 1369.
Package xcolor Info: Model `HSB' substituted by `hsb' on input line 1370.
Package xcolor Info: Model `Gray' substituted by `gray' on input line 1371.
Package xcolor Info: Model `wave' substituted by `hsb' on input line 1372.
) (D:\MiKTeX\tex/latex/listings\listings.sty (D:\MiKTeX\tex/latex/graphics\keyval.sty
Package: keyval 2022/05/29 v1.15 key=value parser (DPC)
\KV@toks@=\toks19
)
\lst@mode=\count288
\lst@gtempboxa=\box53
\lst@token=\toks20
\lst@length=\count289
\lst@currlwidth=\dimen150
\lst@column=\count290
\lst@pos=\count291
\lst@lostspace=\dimen151
\lst@width=\dimen152
\lst@newlines=\count292
\lst@lineno=\count293
\lst@maxwidth=\dimen153
 (D:\MiKTeX\tex/latex/listings\lstpatch.sty
File: lstpatch.sty 2025/11/14 1.11b (Carsten Heinz)
) (D:\MiKTeX\tex/latex/listings\lstmisc.sty
File: lstmisc.sty 2025/11/14 1.11b (Carsten Heinz)
\c@lstnumber=\count294
\lst@skipnumbers=\count295
\lst@framebox=\box54
) (D:\MiKTeX\tex/latex/listings\listings.cfg
File: listings.cfg 2025/11/14 1.11b listings configuration
))
Package: listings 2025/11/14 1.11b (Carsten Heinz)

==> First Aid for listings.sty no longer applied!
    Expected:
        2024/09/23 1.10c (Carsten Heinz)
    but found:
        2025/11/14 1.11b (Carsten Heinz)
    so I'm assuming it got fixed.
(D:\MiKTeX\tex/latex/booktabs\booktabs.sty
Package: booktabs 2020/01/12 v1.61803398 Publication quality tables
\heavyrulewidth=\dimen154
\lightrulewidth=\dimen155
\cmidrulewidth=\dimen156
\belowrulesep=\dimen157
\belowbottomsep=\dimen158
\aboverulesep=\dimen159
\abovetopsep=\dimen160
\cmidrulesep=\dimen161
\cmidrulekern=\dimen162
\defaultaddspace=\dimen163
\@cmidla=\count296
\@cmidlb=\count297
\@aboverulesep=\dimen164
\@belowrulesep=\dimen165
\@thisruleclass=\count298
\@lastruleclass=\count299
\@thisrulewidth=\dimen166
) (D:\MiKTeX\tex/latex/multirow\multirow.sty
Package: multirow 2024/11/12 v2.9 Span multiple rows of a table
\multirow@colwidth=\skip51
\multirow@cntb=\count300
\multirow@dima=\skip52
\bigstrutjot=\dimen167
) (D:\MiKTeX\tex/latex/tools\tabularx.sty
Package: tabularx 2023/12/11 v2.12a `tabularx' package (DPC)
 (D:\MiKTeX\tex/latex/tools\array.sty
Package: array 2025/09/25 v2.6n Tabular extension package (FMi)
\col@sep=\dimen168
\ar@mcellbox=\box55
\extrarowheight=\dimen169
\NC@list=\toks21
\extratabsurround=\skip53
\backup@length=\skip54
\ar@cellbox=\box56
)
\TX@col@width=\dimen170
\TX@old@table=\dimen171
\TX@old@col=\dimen172
\TX@target=\dimen173
\TX@delta=\dimen174
\TX@cols=\count301
\TX@ftn=\toks22
) (D:\MiKTeX\tex/latex/tools\indentfirst.sty
Package: indentfirst 2023/07/02 v1.03 Indent first paragraph (DPC)
) (D:\MiKTeX\tex/latex/fancyhdr\fancyhdr.sty
Package: fancyhdr 2025/02/07 v5.2 Extensive control of page headers and footers
\f@nch@headwidth=\skip55
\f@nch@offset@elh=\skip56
\f@nch@offset@erh=\skip57
\f@nch@offset@olh=\skip58
\f@nch@offset@orh=\skip59
\f@nch@offset@elf=\skip60
\f@nch@offset@erf=\skip61
\f@nch@offset@olf=\skip62
\f@nch@offset@orf=\skip63
\f@nch@height=\skip64
\f@nch@footalignment=\skip65
\f@nch@widthL=\skip66
\f@nch@widthC=\skip67
\f@nch@widthR=\skip68
\@temptokenb=\toks23
) (D:\MiKTeX\tex/latex/graphics\graphicx.sty
Package: graphicx 2024/12/31 v1.2e Enhanced LaTeX Graphics (DPC,SPQR)
 (D:\MiKTeX\tex/latex/graphics\graphics.sty
Package: graphics 2024/08/06 v1.4g Standard LaTeX Graphics (DPC,SPQR)
 (D:\MiKTeX\tex/latex/graphics\trig.sty
Package: trig 2023/12/02 v1.11 sin cos tan (DPC)
) (D:\MiKTeX\tex/latex/graphics-cfg\graphics.cfg
File: graphics.cfg 2016/06/04 v1.11 sample graphics configuration
)
Package graphics Info: Driver file: pdftex.def on input line 106.
)
\Gin@req@height=\dimen175
\Gin@req@width=\dimen176
) (D:\MiKTeX\tex/latex/minted\minted.sty
Package: minted 2025/05/14 v3.7.0 Yet another Pygments shim for LaTeX
 (D:\MiKTeX\tex/generic/catchfile\catchfile.sty
Package: catchfile 2019/12/09 v1.8 Catch the contents of a file (HO)
 (D:\MiKTeX\tex/generic/infwarerr\infwarerr.sty
Package: infwarerr 2019/12/03 v1.5 Providing info/warning/error messages (HO)
) (D:\MiKTeX\tex/generic/ltxcmds\ltxcmds.sty
Package: ltxcmds 2023-12-04 v1.26 LaTeX kernel commands for general use (HO)
) (D:\MiKTeX\tex/generic/etexcmds\etexcmds.sty
Package: etexcmds 2019/12/15 v1.7 Avoid name clashes with e-TeX commands (HO)
 (D:\MiKTeX\tex/generic/iftex\iftex.sty
Package: iftex 2024/12/12 v1.0g TeX engine tests
))) (D:\MiKTeX\tex/latex/etoolbox\etoolbox.sty
Package: etoolbox 2025/10/02 v2.5m e-TeX tools for LaTeX (JAW)
\etb@tempcnta=\count302
) (D:\MiKTeX\tex/latex/fvextra\fvextra.sty
Package: fvextra 2025/05/29 v1.13.2 fvextra - extensions and patches for fancyvrb
 (D:\MiKTeX\tex/latex/fancyvrb\fancyvrb.sty
Package: fancyvrb 2025/07/28 4.6 verbatim text (tvz,hv)
\FV@CodeLineNo=\count303
\FV@InFile=\read3
\FV@TabBox=\box57
\c@FancyVerbLine=\count304
\FV@StepNumber=\count305
\FV@OutFile=\write3
) (D:\MiKTeX\tex/generic/pdftexcmds\pdftexcmds.sty
Package: pdftexcmds 2020-06-27 v0.33 Utility functions of pdfTeX for LuaTeX (HO)
Package pdftexcmds Info: \pdf@primitive is available.
Package pdftexcmds Info: \pdf@ifprimitive is available.
Package pdftexcmds Info: \pdfdraftmode found.
) (D:\MiKTeX\tex/latex/upquote\upquote.sty
Package: upquote 2012/04/19 v1.3 upright-quote and grave-accent glyphs in verbatim
 (D:\MiKTeX\tex/latex/base\textcomp.sty
Package: textcomp 2024/04/24 v2.1b Standard LaTeX package
)) (D:\MiKTeX\tex/latex/lineno\lineno.sty
Package: lineno 2025/05/13 line numbers on paragraphs v5.5
 (D:\MiKTeX\tex/latex/kvoptions\kvoptions.sty
Package: kvoptions 2022-06-15 v3.15 Key value format for package options (HO)
 (D:\MiKTeX\tex/latex/kvsetkeys\kvsetkeys.sty
Package: kvsetkeys 2022-10-05 v1.19 Key value parser (HO)
))
\linenopenalty=\count306
\output=\toks24
\linenoprevgraf=\count307
\linenumbersep=\dimen177
\linenumberwidth=\dimen178
\c@linenumber=\count308
\c@pagewiselinenumber=\count309
\c@LN@truepage=\count310
\c@internallinenumber=\count311
\c@internallinenumbers=\count312
\quotelinenumbersep=\dimen179
\bframerule=\dimen180
\bframesep=\dimen181
\bframebox=\box58
)
\c@FancyVerbWriteLine=\count313
\c@FancyVerbBufferLine=\count314
\c@FV@TrueTabGroupLevel=\count315
\c@FV@TrueTabCounter=\count316
\FV@TabBox@Group=\box59
\FV@bgcolorstructbox=\box60
\FV@TmpLength=\skip69
\c@FV@HighlightLinesStart=\count317
\c@FV@HighlightLinesStop=\count318
\FV@LoopCount=\count319
\FV@NCharsBox=\box61
\FV@BreakIndent=\dimen182
\FV@BreakIndentNChars=\count320
\FV@BreakSymbolSepLeft=\dimen183
\FV@BreakSymbolSepLeftNChars=\count321
\FV@BreakSymbolSepRight=\dimen184
\FV@BreakSymbolSepRightNChars=\count322
\FV@BreakSymbolIndentLeft=\dimen185
\FV@BreakSymbolIndentLeftNChars=\count323
\FV@BreakSymbolIndentRight=\dimen186
\FV@BreakSymbolIndentRightNChars=\count324
\c@FancyVerbLineBreakLast=\count325
\FV@LineBox=\box62
\FV@LineIndentBox=\box63
\c@FV@BreakBufferDepth=\count326
\FV@LineWidth=\dimen187
) (D:\MiKTeX\tex/latex/latex2pydata\latex2pydata.sty
Package: latex2pydata 2025/03/26 v0.6.0 latex2pydata - write data to file in Python literal format
) (D:\MiKTeX\tex/latex/pgf/utilities\pgfkeys.sty (D:\MiKTeX\tex/generic/pgf/utilities\pgfkeys.code.tex
\pgfkeys@pathtoks=\toks25
\pgfkeys@temptoks=\toks26
 (D:\MiKTeX\tex/generic/pgf/utilities\pgfkeyslibraryfiltered.code.tex
\pgfkeys@tmptoks=\toks27
))) (D:\MiKTeX\tex/latex/pgfopts\pgfopts.sty
Package: pgfopts 2014/07/10 v2.1a LaTeX package options with pgfkeys
\pgfopts@list@add@a@toks=\toks28
\pgfopts@list@add@b@toks=\toks29
) (D:\MiKTeX\tex/latex/tools\shellesc.sty
Package: shellesc 2023/07/08 v1.0d unified shell escape interface for LaTeX
Package shellesc Info: Unrestricted shell escape enabled on input line 75.
) (D:\MiKTeX\tex/latex/float\float.sty
Package: float 2001/11/08 v1.3d Float enhancements (AL)
\c@float@type=\count327
\float@exts=\toks30
\float@box=\box64
\@float@everytoks=\toks31
\@floatcapt=\box65
)
\c@minted@FancyVerbLineTemp=\count328
\@float@every@listing=\toks32
\c@listing=\count329
) (D:\MiKTeX\tex/latex/mdframed\mdframed.sty
Package: mdframed 2013/07/01 1.9b: mdframed
 (D:\MiKTeX\tex/latex/l3packages/xparse\xparse.sty (D:\MiKTeX\tex/latex/l3kernel\expl3.sty
Package: expl3 2025-12-29 L3 programming layer (loader) 
 (D:\MiKTeX\tex/latex/l3backend\l3backend-pdftex.def
File: l3backend-pdftex.def 2025-10-09 L3 backend support: PDF output (pdfTeX)
\l__color_backend_stack_int=\count330
))
Package: xparse 2025-10-09 L3 Experimental document command parser
) (D:\MiKTeX\tex/latex/zref\zref-abspage.sty
Package: zref-abspage 2025-06-08 v2.36 Module abspage for zref (HO)
 (D:\MiKTeX\tex/latex/zref\zref-base.sty
Package: zref-base 2025-06-08 v2.36 Module base for zref (HO)
 (D:\MiKTeX\tex/generic/kvdefinekeys\kvdefinekeys.sty
Package: kvdefinekeys 2019-12-19 v1.6 Define keys (HO)
) (D:\MiKTeX\tex/latex/auxhook\auxhook.sty
Package: auxhook 2019-12-17 v1.6 Hooks for auxiliary files (HO)
)
Package zref Info: New property list: main on input line 767.
Package zref Info: New property: default on input line 768.
Package zref Info: New property: page on input line 769.
)
\c@abspage=\count331
Package zref Info: New property: abspage on input line 67.
) (D:\MiKTeX\tex/latex/needspace\needspace.sty
Package: needspace 2025/03/13 v1.3e reserve vertical space
)
\mdf@templength=\skip70
\c@mdf@globalstyle@cnt=\count332
\mdf@skipabove@length=\skip71
\mdf@skipbelow@length=\skip72
\mdf@leftmargin@length=\skip73
\mdf@rightmargin@length=\skip74
\mdf@innerleftmargin@length=\skip75
\mdf@innerrightmargin@length=\skip76
\mdf@innertopmargin@length=\skip77
\mdf@innerbottommargin@length=\skip78
\mdf@splittopskip@length=\skip79
\mdf@splitbottomskip@length=\skip80
\mdf@outermargin@length=\skip81
\mdf@innermargin@length=\skip82
\mdf@linewidth@length=\skip83
\mdf@innerlinewidth@length=\skip84
\mdf@middlelinewidth@length=\skip85
\mdf@outerlinewidth@length=\skip86
\mdf@roundcorner@length=\skip87
\mdf@footenotedistance@length=\skip88
\mdf@userdefinedwidth@length=\skip89
\mdf@needspace@length=\skip90
\mdf@frametitleaboveskip@length=\skip91
\mdf@frametitlebelowskip@length=\skip92
\mdf@frametitlerulewidth@length=\skip93
\mdf@frametitleleftmargin@length=\skip94
\mdf@frametitlerightmargin@length=\skip95
\mdf@shadowsize@length=\skip96
\mdf@extratopheight@length=\skip97
\mdf@subtitleabovelinewidth@length=\skip98
\mdf@subtitlebelowlinewidth@length=\skip99
\mdf@subtitleaboveskip@length=\skip100
\mdf@subtitlebelowskip@length=\skip101
\mdf@subtitleinneraboveskip@length=\skip102
\mdf@subtitleinnerbelowskip@length=\skip103
\mdf@subsubtitleabovelinewidth@length=\skip104
\mdf@subsubtitlebelowlinewidth@length=\skip105
\mdf@subsubtitleaboveskip@length=\skip106
\mdf@subsubtitlebelowskip@length=\skip107
\mdf@subsubtitleinneraboveskip@length=\skip108
\mdf@subsubtitleinnerbelowskip@length=\skip109
 (D:\MiKTeX\tex/latex/mdframed\md-frame-0.mdf
File: md-frame-0.mdf 2013/07/01\ 1.9b: md-frame-0
)
\mdf@frametitlebox=\box66
\mdf@footnotebox=\box67
\mdf@splitbox@one=\box68
\mdf@splitbox@two=\box69
\mdf@splitbox@save=\box70
\mdfsplitboxwidth=\skip110
\mdfsplitboxtotalwidth=\skip111
\mdfsplitboxheight=\skip112
\mdfsplitboxdepth=\skip113
\mdfsplitboxtotalheight=\skip114
\mdfframetitleboxwidth=\skip115
\mdfframetitleboxtotalwidth=\skip116
\mdfframetitleboxheight=\skip117
\mdfframetitleboxdepth=\skip118
\mdfframetitleboxtotalheight=\skip119
\mdffootnoteboxwidth=\skip120
\mdffootnoteboxtotalwidth=\skip121
\mdffootnoteboxheight=\skip122
\mdffootnoteboxdepth=\skip123
\mdffootnoteboxtotalheight=\skip124
\mdftotallinewidth=\skip125
\mdfboundingboxwidth=\skip126
\mdfboundingboxtotalwidth=\skip127
\mdfboundingboxheight=\skip128
\mdfboundingboxdepth=\skip129
\mdfboundingboxtotalheight=\skip130
\mdf@freevspace@length=\skip131
\mdf@horizontalwidthofbox@length=\skip132
\mdf@verticalmarginwhole@length=\skip133
\mdf@horizontalspaceofbox=\skip134
\mdfsubtitleheight=\skip135
\mdfsubsubtitleheight=\skip136
\c@mdfcountframes=\count333

****** mdframed patching \endmdf@trivlist

****** -- success******

\mdf@envdepth=\count334
\c@mdf@env@i=\count335
\c@mdf@env@ii=\count336
\c@mdf@zref@counter=\count337
Package zref Info: New property: mdf@pagevalue on input line 895.
) (D:\MiKTeX\tex/latex/enumitem\enumitem.sty
Package: enumitem 2025/02/06 v3.11 Customized lists
\labelindent=\skip137
\enit@outerparindent=\dimen188
\enit@toks=\toks33
\enit@inbox=\box71
\enit@count@id=\count338
\enitdp@description=\count339
) (D:\MiKTeX\tex/latex/hyperref\hyperref.sty
Package: hyperref 2025-07-12 v7.01o Hypertext links for LaTeX
 (D:\MiKTeX\tex/generic/pdfescape\pdfescape.sty
Package: pdfescape 2019/12/09 v1.15 Implements pdfTeX's escape features (HO)
) (D:\MiKTeX\tex/latex/hycolor\hycolor.sty
Package: hycolor 2020-01-27 v1.10 Color options for hyperref/bookmark (HO)
) (D:\MiKTeX\tex/latex/hyperref\nameref.sty
Package: nameref 2025-06-21 v2.57 Cross-referencing by name of section
 (D:\MiKTeX\tex/latex/refcount\refcount.sty
Package: refcount 2019/12/15 v3.6 Data extraction from label references (HO)
) (D:\MiKTeX\tex/generic/gettitlestring\gettitlestring.sty
Package: gettitlestring 2019/12/15 v1.6 Cleanup title references (HO)
)
\c@section@level=\count340
) (D:\MiKTeX\tex/generic/stringenc\stringenc.sty
Package: stringenc 2019/11/29 v1.12 Convert strings between diff. encodings (HO)
)
\@linkdim=\dimen189
\Hy@linkcounter=\count341
\Hy@pagecounter=\count342
 (D:\MiKTeX\tex/latex/hyperref\pd1enc.def
File: pd1enc.def 2025-07-12 v7.01o Hyperref: PDFDocEncoding definition (HO)
Now handling font encoding PD1 ...
... no UTF-8 mapping file for font encoding PD1
) (D:\MiKTeX\tex/generic/intcalc\intcalc.sty
Package: intcalc 2019/12/15 v1.3 Expandable calculations with integers (HO)
)
\Hy@SavedSpaceFactor=\count343
 (D:\MiKTeX\tex/latex/hyperref\puenc.def
File: puenc.def 2025-07-12 v7.01o Hyperref: PDF Unicode definition (HO)
Now handling font encoding PU ...
... no UTF-8 mapping file for font encoding PU
)
Package hyperref Info: Option `bookmarks' set `true' on input line 4066.
Package hyperref Info: Option `hyperfootnotes' set `true' on input line 4066.
Package hyperref Info: Option `unicode' set `true' on input line 4066.


Package hyperref Warning: Invalid value `0 0 0 0'
(hyperref)                for option `pdfborder'.
(hyperref)                Option setting is ignored on input line 4066.

Package hyperref Info: Hyper figures OFF on input line 4195.
Package hyperref Info: Link nesting OFF on input line 4200.
Package hyperref Info: Hyper index ON on input line 4203.
Package hyperref Info: Plain pages OFF on input line 4210.
Package hyperref Info: Backreferencing OFF on input line 4215.
Package hyperref Info: Implicit mode ON; LaTeX internals redefined.
Package hyperref Info: Bookmarks ON on input line 4462.
\c@Hy@tempcnt=\count344
(D:\MiKTeX\tex/latex/url\url.sty
\Urlmuskip=\muskip17
Package: url 2013/09/16  ver 3.4  Verb mode for urls, etc.
)
LaTeX Info: Redefining \url on input line 4801.
\XeTeXLinkMargin=\dimen190
 (D:\MiKTeX\tex/generic/bitset\bitset.sty
Package: bitset 2019/12/09 v1.3 Handle bit-vector datatype (HO)
 (D:\MiKTeX\tex/generic/bigintcalc\bigintcalc.sty
Package: bigintcalc 2019/12/15 v1.5 Expandable calculations on big integers (HO)
))
\Fld@menulength=\count345
\Field@Width=\dimen191
\Fld@charsize=\dimen192
Package hyperref Info: Hyper figures OFF on input line 6078.
Package hyperref Info: Link nesting OFF on input line 6083.
Package hyperref Info: Hyper index ON on input line 6086.
Package hyperref Info: backreferencing OFF on input line 6093.
Package hyperref Info: Link coloring OFF on input line 6098.
Package hyperref Info: Link coloring with OCG OFF on input line 6103.
Package hyperref Info: PDF/A mode OFF on input line 6108.
\Hy@abspage=\count346
\c@Item=\count347
\c@Hfootnote=\count348
)
Package hyperref Info: Driver: hpdftex.
 (D:\MiKTeX\tex/latex/hyperref\hpdftex.def
File: hpdftex.def 2025-07-12 v7.01o Hyperref driver for pdfTeX
\HyAnn@Count=\count349
\Fld@listcount=\count350
\c@bookmark@seq@number=\count351
 (D:\MiKTeX\tex/latex/rerunfilecheck\rerunfilecheck.sty
Package: rerunfilecheck 2025-06-21 v1.11 Rerun checks for auxiliary files (HO)
 (D:\MiKTeX\tex/generic/uniquecounter\uniquecounter.sty
Package: uniquecounter 2019/12/15 v1.4 Provide unlimited unique counter (HO)
)
Package uniquecounter Info: New unique counter `rerunfilecheck' on input line 284.
)
\Hy@SectionHShift=\skip138
) (D:\MiKTeX\tex/latex/caption\subcaption.sty
Package: subcaption 2023/07/28 v1.6b Sub-captions (AR)
 (D:\MiKTeX\tex/latex/caption\caption.sty
Package: caption 2023/08/05 v3.6o Customizing captions (AR)
 (D:\MiKTeX\tex/latex/caption\caption3.sty
Package: caption3 2023/07/31 v2.4d caption3 kernel (AR)
\caption@tempdima=\dimen193
\captionmargin=\dimen194
\caption@leftmargin=\dimen195
\caption@rightmargin=\dimen196
\caption@width=\dimen197
\caption@indent=\dimen198
\caption@parindent=\dimen199
\caption@hangindent=\dimen256
Package caption Info: Standard document class detected.
)
\c@caption@flags=\count352
\c@continuedfloat=\count353
Package caption Info: float package is loaded.
Package caption Info: hyperref package is loaded.
Package caption Info: listings package is loaded.
)
Package caption Info: New subtype `subfigure' on input line 238.
\c@subfigure=\count354
Package caption Info: New subtype `subtable' on input line 238.
\c@subtable=\count355
) (D:\MiKTeX\tex/latex/svg\svg.sty
Package: svg 2020/11/26 v2.02k (include SVG pictures)
 (D:\MiKTeX\tex/latex/koma-script\scrbase.sty
Package: scrbase 2025/12/01 v3.49 KOMA-Script package (KOMA-Script-independent basics and keyval usage)
 (D:\MiKTeX\tex/latex/koma-script\scrlfile.sty
Package: scrlfile 2025/12/01 v3.49 KOMA-Script package (file load hooks)
 (D:\MiKTeX\tex/latex/koma-script\scrlfile-hook.sty
Package: scrlfile-hook 2025/12/01 v3.49 KOMA-Script package (using LaTeX hooks)
 (D:\MiKTeX\tex/latex/koma-script\scrlogo.sty
Package: scrlogo 2025/12/01 v3.49 KOMA-Script package (logo)
)))
Applying: [2021/05/01] Usage of raw or classic option list on input line 254.
Already applied: [0000/00/00] Usage of raw or classic option list on input line 370.
) (D:\MiKTeX\tex/latex/trimspaces\trimspaces.sty
Package: trimspaces 2009/09/17 v1.1 Trim spaces around a token list
) (D:\MiKTeX\tex/latex/ifplatform\ifplatform.sty
Package: ifplatform 2017/10/13 v0.4a Testing for the operating system
 (D:\MiKTeX\tex/generic/iftex\ifluatex.sty
Package: ifluatex 2019/10/25 v1.5 ifluatex legacy package. Use iftex instead.
))
\c@svg@param@lastpage=\count356
\svg@box=\box72
\c@svg@param@currpage=\count357
) (D:\MiKTeX\tex/latex/transparent\transparent.sty
Package: transparent 2025-06-23 v1.6 Transparency with color stacks
 (D:\MiKTeX\tex/latex/transparent\transparent-nometadata.sty
Package: transparent-nometadata 2025-06-23 v1.6 Transparency via pdfTeX's color stack (HO)
)) (D:\MiKTeX\tex/latex/pgf/systemlayer\pgfsys.sty (D:\MiKTeX\tex/latex/pgf/utilities\pgfrcs.sty (D:\MiKTeX\tex/generic/pgf/utilities\pgfutil-common.tex
\pgfutil@everybye=\toks34
\pgfutil@tempdima=\dimen257
\pgfutil@tempdimb=\dimen258
) (D:\MiKTeX\tex/generic/pgf/utilities\pgfutil-latex.def
\pgfutil@abb=\box73
) (D:\MiKTeX\tex/generic/pgf/utilities\pgfrcs.code.tex (D:\MiKTeX\tex/generic/pgf\pgf.revision.tex)
Package: pgfrcs 2025-08-29 v3.1.11a (3.1.11a)
)) (D:\MiKTeX\tex/generic/pgf/systemlayer\pgfsys.code.tex
Package: pgfsys 2025-08-29 v3.1.11a (3.1.11a)
\pgf@x=\dimen259
\pgf@y=\dimen260
\pgf@xa=\dimen261
\pgf@ya=\dimen262
\pgf@xb=\dimen263
\pgf@yb=\dimen264
\pgf@xc=\dimen265
\pgf@yc=\dimen266
\pgf@xd=\dimen267
\pgf@yd=\dimen268
\w@pgf@writea=\write4
\r@pgf@reada=\read4
\c@pgf@counta=\count358
\c@pgf@countb=\count359
\c@pgf@countc=\count360
\c@pgf@countd=\count361
\t@pgf@toka=\toks35
\t@pgf@tokb=\toks36
\t@pgf@tokc=\toks37
\pgf@sys@id@count=\count362
 (D:\MiKTeX\tex/generic/pgf/systemlayer\pgf.cfg
File: pgf.cfg 2025-08-29 v3.1.11a (3.1.11a)
)
Driver file for pgf: pgfsys-pdftex.def
 (D:\MiKTeX\tex/generic/pgf/systemlayer\pgfsys-pdftex.def
File: pgfsys-pdftex.def 2025-08-29 v3.1.11a (3.1.11a)
 (D:\MiKTeX\tex/generic/pgf/systemlayer\pgfsys-common-pdf.def
File: pgfsys-common-pdf.def 2025-08-29 v3.1.11a (3.1.11a)
))) (D:\MiKTeX\tex/generic/pgf/systemlayer\pgfsyssoftpath.code.tex
File: pgfsyssoftpath.code.tex 2025-08-29 v3.1.11a (3.1.11a)
\pgfsyssoftpath@smallbuffer@items=\count363
\pgfsyssoftpath@bigbuffer@items=\count364
) (D:\MiKTeX\tex/generic/pgf/systemlayer\pgfsysprotocol.code.tex
File: pgfsysprotocol.code.tex 2025-08-29 v3.1.11a (3.1.11a)
)) (D:\MiKTeX\tex/latex/wrapfig\wrapfig.sty
\wrapoverhang=\dimen269
\WF@size=\dimen270
\c@WF@wrappedlines=\count365
\WF@box=\box74
\WF@everypar=\toks38
Package: wrapfig 2003/01/31  v 3.6
) (D:\MiKTeX\tex/latex/csquotes\csquotes.sty
Package: csquotes 2024-04-04 v5.2o context-sensitive quotations (JAW)
\csq@reset=\count366
\csq@gtype=\count367
\csq@glevel=\count368
\csq@qlevel=\count369
\csq@maxlvl=\count370
\csq@tshold=\count371
\csq@ltx@everypar=\toks39
 (D:\MiKTeX\tex/latex/csquotes\csquotes.def
File: csquotes.def 2024-04-04 v5.2o csquotes generic definitions (JAW)
)
Package csquotes Info: Trying to load configuration file 'csquotes.cfg'...
Package csquotes Info: ... configuration file loaded successfully.
 (D:\MiKTeX\tex/latex/csquotes\csquotes.cfg
File: csquotes.cfg 
)) (D:\MiKTeX\tex/latex/fontawesome\fontawesome.sty
Package: fontawesome 2016/05/15 v4.6.3.1 font awesome icons
 (D:\MiKTeX\tex/generic/iftex\ifxetex.sty
Package: ifxetex 2019/10/25 v0.7 ifxetex legacy package. Use iftex instead.
) (D:\MiKTeX\tex/latex/fontawesome\fontawesomesymbols-generic.tex) (D:\MiKTeX\tex/latex/fontawesome\fontawesomesymbols-pdftex.tex)) (D:\MiKTeX\tex/latex/amsfonts\amssymb.sty
Package: amssymb 2013/01/14 v3.01 AMS font symbols
 (D:\MiKTeX\tex/latex/amsfonts\amsfonts.sty
Package: amsfonts 2013/01/14 v3.01 Basic AMSFonts support
\@emptytoks=\toks40
\symAMSa=\mathgroup4
\symAMSb=\mathgroup5
LaTeX Font Info:    Redeclaring math symbol \hbar on input line 98.
LaTeX Font Info:    Overwriting math alphabet `\mathfrak' in version `bold'
(Font)                  U/euf/m/n --> U/euf/b/n on input line 106.
)) (D:\MiKTeX\tex/latex/amsmath\amstext.sty
Package: amstext 2024/11/17 v2.01 AMS text
 (D:\MiKTeX\tex/latex/amsmath\amsgen.sty
File: amsgen.sty 1999/11/30 v2.0 generic functions
\@emptytoks=\toks41
\ex@=\dimen271
)) (D:\MiKTeX\tex/latex/geometry\geometry.sty
Package: geometry 2020/01/02 v5.9 Page Geometry
 (D:\MiKTeX\tex/generic/iftex\ifvtex.sty
Package: ifvtex 2019/10/25 v1.7 ifvtex legacy package. Use iftex instead.
)
\Gm@cnth=\count372
\Gm@cntv=\count373
\c@Gm@tempcnt=\count374
\Gm@bindingoffset=\dimen272
\Gm@wd@mp=\dimen273
\Gm@odd@mp=\dimen274
\Gm@even@mp=\dimen275
\Gm@layoutwidth=\dimen276
\Gm@layoutheight=\dimen277
\Gm@layouthoffset=\dimen278
\Gm@layoutvoffset=\dimen279
\Gm@dimlist=\toks42
 (D:\MiKTeX\tex/latex/geometry\geometry.cfg)) (D:\MiKTeX\tex/latex/chngcntr\chngcntr.sty
Package: chngcntr 2018/04/09 v1.1a change counter resetting
Package chngcntr Info: \counterwithout already defined.
(chngcntr)             Quitting chngcntr on input line 21.
) (D:\MiKTeX\tex/latex/placeins\placeins.sty
Package: placeins 2005/04/18  v 2.2
) (D:\MiKTeX\tex/latex/biblatex\biblatex.sty
Package: biblatex 2025/07/10 v3.21 programmable bibliographies (PK/MW)
 (D:\MiKTeX\tex/latex/logreq\logreq.sty
Package: logreq 2010/08/04 v1.0 xml request logger
\lrq@indent=\count375
 (D:\MiKTeX\tex/latex/logreq\logreq.def
File: logreq.def 2010/08/04 v1.0 logreq spec v1.0
)) (D:\MiKTeX\tex/latex/base\ifthen.sty
Package: ifthen 2024/03/16 v1.1e Standard LaTeX ifthen package (DPC)
)
\c@tabx@nest=\count376
\c@listtotal=\count377
\c@listcount=\count378
\c@liststart=\count379
\c@liststop=\count380
\c@citecount=\count381
\c@citetotal=\count382
\c@multicitecount=\count383
\c@multicitetotal=\count384
\c@instcount=\count385
\c@maxnames=\count386
\c@minnames=\count387
\c@maxitems=\count388
\c@minitems=\count389
\c@citecounter=\count390
\c@maxcitecounter=\count391
\c@savedcitecounter=\count392
\c@uniquelist=\count393
\c@uniquename=\count394
\c@refsection=\count395
\c@refsegment=\count396
\c@maxextratitle=\count397
\c@maxextratitleyear=\count398
\c@maxextraname=\count399
\c@maxextradate=\count400
\c@maxextraalpha=\count401
\c@abbrvpenalty=\count402
\c@highnamepenalty=\count403
\c@lownamepenalty=\count404
\c@maxparens=\count405
\c@parenlevel=\count406
\blx@tempcnta=\count407
\blx@tempcntb=\count408
\blx@tempcntc=\count409
\c@blx@maxsection=\count410
\blx@maxsegment@0=\count411
\blx@notetype=\count412
\blx@parenlevel@text=\count413
\blx@parenlevel@foot=\count414
\blx@sectionciteorder@0=\count415
\blx@sectionciteorderinternal@0=\count416
\blx@entrysetcounter=\count417
\blx@biblioinstance=\count418
\labelnumberwidth=\skip139
\labelalphawidth=\skip140
\biblabelsep=\skip141
\bibitemsep=\skip142
\bibnamesep=\skip143
\bibinitsep=\skip144
\bibparsep=\skip145
\bibhang=\skip146
\blx@bcfin=\read5
\blx@bcfout=\write5
\blx@langwohyphens=\language80
\c@mincomprange=\count419
\c@maxcomprange=\count420
\c@mincompwidth=\count421
Package biblatex Info: Trying to load biblatex default data model...
Package biblatex Info: ... file 'blx-dm.def' found.
 (D:\MiKTeX\tex/latex/biblatex\blx-dm.def
File: blx-dm.def 2025/07/10 v3.21 biblatex datamodel (PK/MW)
)
Package biblatex Info: Trying to load biblatex style data model...
Package biblatex Info: ... file 'numeric.dbx' not found.
Package biblatex Info: Trying to load biblatex custom data model...
Package biblatex Info: ... file 'biblatex-dm.cfg' not found.
\c@afterword=\count422
\c@savedafterword=\count423
\c@annotator=\count424
\c@savedannotator=\count425
\c@author=\count426
\c@savedauthor=\count427
\c@bookauthor=\count428
\c@savedbookauthor=\count429
\c@commentator=\count430
\c@savedcommentator=\count431
\c@editor=\count432
\c@savededitor=\count433
\c@editora=\count434
\c@savededitora=\count435
\c@editorb=\count436
\c@savededitorb=\count437
\c@editorc=\count438
\c@savededitorc=\count439
\c@foreword=\count440
\c@savedforeword=\count441
\c@holder=\count442
\c@savedholder=\count443
\c@introduction=\count444
\c@savedintroduction=\count445
\c@namea=\count446
\c@savednamea=\count447
\c@nameb=\count448
\c@savednameb=\count449
\c@namec=\count450
\c@savednamec=\count451
\c@translator=\count452
\c@savedtranslator=\count453
\c@shortauthor=\count454
\c@savedshortauthor=\count455
\c@shorteditor=\count456
\c@savedshorteditor=\count457
\c@labelname=\count458
\c@savedlabelname=\count459
\c@institution=\count460
\c@savedinstitution=\count461
\c@lista=\count462
\c@savedlista=\count463
\c@listb=\count464
\c@savedlistb=\count465
\c@listc=\count466
\c@savedlistc=\count467
\c@listd=\count468
\c@savedlistd=\count469
\c@liste=\count470
\c@savedliste=\count471
\c@listf=\count472
\c@savedlistf=\count473
\c@location=\count474
\c@savedlocation=\count475
\c@organization=\count476
\c@savedorganization=\count477
\c@origlocation=\count478
\c@savedoriglocation=\count479
\c@origpublisher=\count480
\c@savedorigpublisher=\count481
\c@publisher=\count482
\c@savedpublisher=\count483
\c@language=\count484
\c@savedlanguage=\count485
\c@origlanguage=\count486
\c@savedoriglanguage=\count487
\c@pageref=\count488
\c@savedpageref=\count489
\shorthandwidth=\skip147
\shortjournalwidth=\skip148
\shortserieswidth=\skip149
\shorttitlewidth=\skip150
\shortauthorwidth=\skip151
\shorteditorwidth=\skip152
\locallabelnumberwidth=\skip153
\locallabelalphawidth=\skip154
\localshorthandwidth=\skip155
\localshortjournalwidth=\skip156
\localshortserieswidth=\skip157
\localshorttitlewidth=\skip158
\localshortauthorwidth=\skip159
\localshorteditorwidth=\skip160
Package biblatex Info: Trying to load compatibility code...
Package biblatex Info: ... file 'blx-compat.def' found.
 (D:\MiKTeX\tex/latex/biblatex\blx-compat.def
File: blx-compat.def 2025/07/10 v3.21 biblatex compatibility (PK/MW)
)
Package biblatex Info: Trying to load generic definitions...
Package biblatex Info: ... file 'biblatex.def' found.
 (D:\MiKTeX\tex/latex/biblatex\biblatex.def
File: biblatex.def 2025/07/10 v3.21 biblatex compatibility (PK/MW)
\c@textcitecount=\count490
\c@textcitetotal=\count491
\c@textcitemaxnames=\count492
\c@biburlbigbreakpenalty=\count493
\c@biburlbreakpenalty=\count494
\c@biburlnumpenalty=\count495
\c@biburlucpenalty=\count496
\c@biburllcpenalty=\count497
\biburlbigskip=\muskip18
\biburlnumskip=\muskip19
\biburlucskip=\muskip20
\biburllcskip=\muskip21
\c@smartand=\count498
)
Package biblatex Info: Trying to load bibliography style 'numeric'...
Package biblatex Info: ... file 'numeric.bbx' found.
 (D:\MiKTeX\tex/latex/biblatex/bbx\numeric.bbx
File: numeric.bbx 2025/07/10 v3.21 biblatex bibliography style (PK/MW)
Package biblatex Info: Trying to load bibliography style 'standard'...
Package biblatex Info: ... file 'standard.bbx' found.
 (D:\MiKTeX\tex/latex/biblatex/bbx\standard.bbx
File: standard.bbx 2025/07/10 v3.21 biblatex bibliography style (PK/MW)
\c@bbx:relatedcount=\count499
\c@bbx:relatedtotal=\count500
))
Package biblatex Info: Trying to load citation style 'numeric'...
Package biblatex Info: ... file 'numeric.cbx' found.
 (D:\MiKTeX\tex/latex/biblatex/cbx\numeric.cbx
File: numeric.cbx 2025/07/10 v3.21 biblatex citation style (PK/MW)
Package biblatex Info: Redefining '\cite'.
Package biblatex Info: Redefining '\parencite'.
Package biblatex Info: Redefining '\footcite'.
Package biblatex Info: Redefining '\footcitetext'.
Package biblatex Info: Redefining '\smartcite'.
Package biblatex Info: Redefining '\supercite'.
Package biblatex Info: Redefining '\textcite'.
Package biblatex Info: Redefining '\textcites'.
Package biblatex Info: Redefining '\cites'.
Package biblatex Info: Redefining '\parencites'.
Package biblatex Info: Redefining '\smartcites'.
)
Package biblatex Info: Trying to load configuration file...
Package biblatex Info: ... file 'biblatex.cfg' found.
 (D:\MiKTeX\tex/latex/biblatex\biblatex.cfg
File: biblatex.cfg 
)
Package biblatex Info: Input encoding 'utf8' detected.
Package biblatex Info: Document encoding is UTF8 ....
Package biblatex Info: ... and expl3
(biblatex)             2025-12-29 L3 programming layer (loader) 
(biblatex)             is new enough (at least 2020/04/06),
(biblatex)             setting 'casechanger=expl3'.
 (D:\MiKTeX\tex/latex/biblatex\blx-case-expl3.sty
Package: blx-case-expl3 2025/07/10 v3.21 expl3 case changing code for biblatex
)) (D:\MiKTeX\tex/latex/listings\lstlang1.sty
File: lstlang1.sty 2025/11/14 1.11b listings language file
)
Package csquotes Info: Checking for multilingual support...
Package csquotes Info: ... found 'babel' package.
Package csquotes Info: Adjusting default style.
Package csquotes Info: Redefining alias 'default' -> 'polish'.
 (mgr.aux (rozdzialy/tytulowa/tytulowa.aux)
Package babel Info: 'polish' activates 'polish' shorthands.
(babel)             Reported on input line 12.
 (rozdzialy/wstep/wstep.aux) (rozdzialy/rozdzial1/rozdzial_1.aux) (rozdzialy/rozdzial2/rozdzial_2.aux) (rozdzialy/rozdzial3/rozdzial_3.aux) (rozdzialy/rozdzial4/rozdzial_4.aux) (rozdzialy/rozdzial5/rozdzial_5.aux) (rozdzialy/rozdzial6/rozdzial_6.aux) (rozdzialy/rozdzial7/rozdzial_7.aux) (rozdzialy/podsumowanie/podsumowanie.aux))
\openout1 = `mgr.aux'.

LaTeX Font Info:    Checking defaults for OML/cmm/m/it on input line 145.
LaTeX Font Info:    ... okay on input line 145.
LaTeX Font Info:    Checking defaults for OMS/cmsy/m/n on input line 145.
LaTeX Font Info:    ... okay on input line 145.
LaTeX Font Info:    Checking defaults for OT1/cmr/m/n on input line 145.
LaTeX Font Info:    ... okay on input line 145.
LaTeX Font Info:    Checking defaults for T1/cmr/m/n on input line 145.
LaTeX Font Info:    ... okay on input line 145.
LaTeX Font Info:    Checking defaults for TS1/cmr/m/n on input line 145.
LaTeX Font Info:    ... okay on input line 145.
LaTeX Font Info:    Checking defaults for OMX/cmex/m/n on input line 145.
LaTeX Font Info:    ... okay on input line 145.
LaTeX Font Info:    Checking defaults for U/cmr/m/n on input line 145.
LaTeX Font Info:    ... okay on input line 145.
LaTeX Font Info:    Checking defaults for PD1/pdf/m/n on input line 145.
LaTeX Font Info:    ... okay on input line 145.
LaTeX Font Info:    Checking defaults for PU/pdf/m/n on input line 145.
LaTeX Font Info:    ... okay on input line 145.
 (D:\MiKTeX\tex/context/base/mkii\supp-pdf.mkii
[Loading MPS to PDF converter (version 2006.09.02).]
\scratchcounter=\count501
\scratchdimen=\dimen280
\scratchbox=\box75
\nofMPsegments=\count502
\nofMParguments=\count503
\everyMPshowfont=\toks43
\MPscratchCnt=\count504
\MPscratchDim=\dimen281
\MPnumerator=\count505
\makeMPintoPDFobject=\count506
\everyMPtoPDFconversion=\toks44
) (D:\MiKTeX\tex/latex/epstopdf-pkg\epstopdf-base.sty
Package: epstopdf-base 2020-01-24 v2.11 Base part for package epstopdf
Package epstopdf-base Info: Redefining graphics rule for `.eps' on input line 485.
 (D:\MiKTeX\tex/latex/00miktex\epstopdf-sys.cfg
File: epstopdf-sys.cfg 2021/03/18 v2.0 Configuration of epstopdf for MiKTeX
))
\c@lstlisting=\count507
Package hyperref Info: Link coloring OFF on input line 145.
 (mgr.out) (mgr.out)
\@outlinefile=\write6
\openout6 = `mgr.out'.

Package caption Info: Begin \AtBeginDocument code.
Package caption Info: wrapfig package is loaded.
Package caption Info: End \AtBeginDocument code.
 ()

Package svg Warning: No version of Inkscape was detected by invoking
(svg)                `inkscape -V'
(svg)                so the Inkscape export will fail quite sure as the
(svg)                command is probably unknown to your OS. You could set
(svg)                `inkscapeversion=<version>' manually but this is very
(svg)                unlikely to work on input line 145.

*geometry* driver: auto-detecting
*geometry* detected driver: pdftex
*geometry* verbose mode - [ preamble ] result:
* driver: pdftex
* paper: a4paper
* layout: <same size as paper>
* layoutoffset:(h,v)=(0.0pt,0.0pt)
* bindingoffset: 28.45274pt
* modes: twoside 
* h-part:(L,W,R)=(71.13188pt, 426.79137pt, 71.13188pt)
* v-part:(T,H,B)=(71.13188pt, 702.78308pt, 71.13188pt)
* \paperwidth=597.50787pt
* \paperheight=845.04684pt
* \textwidth=426.79137pt
* \textheight=702.78308pt
* \oddsidemargin=27.31464pt
* \evensidemargin=-1.1381pt
* \topmargin=-38.1381pt
* \headheight=15.0pt
* \headsep=25.0pt
* \topskip=12.0pt
* \footskip=30.0pt
* \marginparwidth=85.0pt
* \marginparsep=10.0pt
* \columnsep=10.0pt
* \skip\footins=10.8pt plus 4.0pt minus 2.0pt
* \hoffset=0.0pt
* \voffset=0.0pt
* \mag=1000
* \@twocolumnfalse
* \@twosidetrue
* \@mparswitchtrue
* \@reversemarginfalse
* (1in=72.27pt=25.4mm, 1cm=28.453pt)

Package biblatex Info: Trying to load language 'polish'...
Package biblatex Info: ... file 'polish.lbx' found.
(D:\MiKTeX\tex/latex/biblatex/lbx\polish.lbx
File: polish.lbx 2025/07/10 v3.21 biblatex localization (PK/MW)
)
Package biblatex Info: Input encoding 'utf8' detected.
Package biblatex Info: Automatic encoding selection.
(biblatex)             Assuming data encoding 'utf8'.
\openout5 = `mgr.bcf'.

Package biblatex Info: Trying to load bibliographic data...
Package biblatex Info: ... file 'mgr.bbl' found.
 (mgr.bbl)
Package biblatex Info: Reference section=0 on input line 145.
Package biblatex Info: Reference segment=0 on input line 145.
\openout2 = `rozdzialy/tytulowa/tytulowa.aux'.

 (rozdzialy/tytulowa/tytulowa.tex)
LaTeX Font Info:    Trying to load font information for U+msa on input line 147.
 (D:\MiKTeX\tex/latex/amsfonts\umsa.fd
File: umsa.fd 2013/01/14 v3.01 AMS symbols A
)
LaTeX Font Info:    Trying to load font information for U+msb on input line 147.
 (D:\MiKTeX\tex/latex/amsfonts\umsb.fd
File: umsb.fd 2013/01/14 v3.01 AMS symbols B
) [1




{C:/Users/dawid/AppData/Local/MiKTeX/fonts/map/pdftex/pdftex.map}{D:/MiKTeX/fonts/enc/dvips/cm-super/cm-super-t1.enc}] [2


] (mgr.toc [3

]
Package babel Info: 'polish' activates 'polish' shorthands.
(babel)             Reported on input line 93.
 [4])
\tf@toc=\write7
\openout7 = `mgr.toc'.

 [5] [6

]
\openout2 = `rozdzialy/wstep/wstep.aux'.

 (rozdzialy/wstep/wstep.tex [7


]) [8

]
\openout2 = `rozdzialy/rozdzial1/rozdzial_1.aux'.

 (rozdzialy/rozdzial1/rozdzial_1.tex
Rozdzia\l  1.
) [9





] [10



]
\openout2 = `rozdzialy/rozdzial2/rozdzial_2.aux'.

 (rozdzialy/rozdzial2/rozdzial_2.tex
Rozdzia\l  2.
[11


]

pdfTeX warning: pdflatex (file ./rozdzialy/rozdzial2/img/processes.pdf): PDF inclusion: found PDF version <1.7>, but at most version <1.5> allowed
<rozdzialy/rozdzial2/img/processes.pdf, id=453, 217.77359pt x 131.53139pt>
File: rozdzialy/rozdzial2/img/processes.pdf Graphic file (type pdf)
<use rozdzialy/rozdzial2/img/processes.pdf>
Package pdftex.def Info: rozdzialy/rozdzial2/img/processes.pdf  used on input line 25.
(pdftex.def)             Requested size: 209.13011pt x 126.31483pt.


pdfTeX warning: pdflatex (file ./rozdzialy/rozdzial2/img/threads.pdf): PDF inclusion: found PDF version <1.7>, but at most version <1.5> allowed
<rozdzialy/rozdzial2/img/threads.pdf, id=454, 217.77359pt x 131.53139pt>
File: rozdzialy/rozdzial2/img/threads.pdf Graphic file (type pdf)
<use rozdzialy/rozdzial2/img/threads.pdf>
Package pdftex.def Info: rozdzialy/rozdzial2/img/threads.pdf  used on input line 31.
(pdftex.def)             Requested size: 209.13011pt x 126.31483pt.

Underfull \vbox (badness 2158) has occurred while \output is active []

 [12 <./rozdzialy/rozdzial2/img/processes.pdf> <./rozdzialy/rozdzial2/img/threads.pdf>]
\pydata@fh@0=\write8
\openout8 = `_37BD0D3935B47BE2AB57BCF91B57F499.data.minted'.

runsystem(latexminted config  --timestamp 20260520122653 37BD0D3935B47BE2AB57BCF91B57F499)...executed.

 (_37BD0D3935B47BE2AB57BCF91B57F499.config.minted)
runsystem(latexminted cleanconfig  --timestamp 20260520122653 37BD0D3935B47BE2AB57BCF91B57F499)...executed.

 (_minted/vs.style.minted) (_minted/FB87412958ABE95B91AB9300F57C58F4.highlight.minted) [13] (_minted/FB87412958ABE95B91AB9300F57C58F4.highlight.minted)
Overfull \hbox (0.65901pt too wide) in paragraph at lines 81--82
[]\T1/cmr/m/n/12 Rysunki []2.2[] i []2.3[] przed-sta-wiajˇ ró»ne mo-dele wy-wo-Şa« pro-ce-dury []
 []



pdfTeX warning: pdflatex (file ./rozdzialy/rozdzial2/img/race-condition-unsafe.pdf): PDF inclusion: found PDF version <1.7>, but at most version <1.5> allowed
<rozdzialy/rozdzial2/img/race-condition-unsafe.pdf, id=510, 455.78279pt x 137.5539pt>
File: rozdzialy/rozdzial2/img/race-condition-unsafe.pdf Graphic file (type pdf)
<use rozdzialy/rozdzial2/img/race-condition-unsafe.pdf>
Package pdftex.def Info: rozdzialy/rozdzial2/img/race-condition-unsafe.pdf  used on input line 86.
(pdftex.def)             Requested size: 426.79137pt x 128.80322pt.
(_minted/FB87412958ABE95B91AB9300F57C58F4.highlight.minted)

pdfTeX warning: pdflatex (file ./rozdzialy/rozdzial2/img/race-condition-safe.pdf): PDF inclusion: found PDF version <1.7>, but at most version <1.5> allowed
<rozdzialy/rozdzial2/img/race-condition-safe.pdf, id=514, 455.78279pt x 137.5539pt>
File: rozdzialy/rozdzial2/img/race-condition-safe.pdf Graphic file (type pdf)
<use rozdzialy/rozdzial2/img/race-condition-safe.pdf>
Package pdftex.def Info: rozdzialy/rozdzial2/img/race-condition-safe.pdf  used on input line 98.
(pdftex.def)             Requested size: 426.79137pt x 128.80322pt.
(_minted/FB87412958ABE95B91AB9300F57C58F4.highlight.minted) [14 <./rozdzialy/rozdzial2/img/race-condition-unsafe.pdf> <./rozdzialy/rozdzial2/img/race-condition-safe.pdf>]

pdfTeX warning: pdflatex (file ./rozdzialy/rozdzial2/img/dining-philosophers.pdf): PDF inclusion: found PDF version <1.7>, but at most version <1.5> allowed
<rozdzialy/rozdzial2/img/dining-philosophers.pdf, id=552, 219.70079pt x 219.70079pt>
File: rozdzialy/rozdzial2/img/dining-philosophers.pdf Graphic file (type pdf)
<use rozdzialy/rozdzial2/img/dining-philosophers.pdf>
Package pdftex.def Info: rozdzialy/rozdzial2/img/dining-philosophers.pdf  used on input line 116.
(pdftex.def)             Requested size: 170.71393pt x 170.72226pt.
[15 <./rozdzialy/rozdzial2/img/dining-philosophers.pdf>]
Underfull \vbox (badness 2197) has occurred while \output is active []

 [16] (_minted/F3D0FBF09378BDA8E41CC1F372F1CDFA.highlight.minted) (_minted/E1B58DB345E5B8E281DA6ACD4C4CF456.highlight.minted) (_minted/6688A0593C9D20C90F54FF3EFE251C55.highlight.minted) (_minted/E1B58DB345E5B8E281DA6ACD4C4CF456.highlight.minted) (_minted/F3D0FBF09378BDA8E41CC1F372F1CDFA.highlight.minted)
Underfull \vbox (badness 6808) has occurred while \output is active []

 [17] (_minted/F3D0FBF09378BDA8E41CC1F372F1CDFA.highlight.minted) (_minted/CD681AB9C804A49D0B07E4C261DDF3D3.highlight.minted) (_minted/F3D0FBF09378BDA8E41CC1F372F1CDFA.highlight.minted) (_minted/E1B58DB345E5B8E281DA6ACD4C4CF456.highlight.minted) (_minted/CD681AB9C804A49D0B07E4C261DDF3D3.highlight.minted) [18] (_minted/81077C2BFD4E6DAD3CDEC0BDB91FA533.highlight.minted) (_minted/4E07EA6FEBA069C787F0FD1ACF068431.highlight.minted) [19{D:/MiKTeX/fonts/enc/dvips/cm-super/cm-super-ts1.enc}] (_minted/68783BD0AF4125E39E57040C85C5B2B4.highlight.minted) (_minted/D8D9ACD2C03C2AD1A79D8BC8C6AC50C6.highlight.minted) (_minted/4E99CC4C446B188F4024F0D5E7796578.highlight.minted) (_minted/1E7F4F3A5B01C081F44BECA7F8E6396A.highlight.minted) (_minted/A4484CE7BE13D80B639EEE26D590A22C.highlight.minted) [20] (_minted/1E7F4F3A5B01C081F44BECA7F8E6396A.highlight.minted)) [21] [22]
\openout2 = `rozdzialy/rozdzial3/rozdzial_3.aux'.

 (rozdzialy/rozdzial3/rozdzial_3.tex
Rozdzia\l  3.
[23





] [24]
LaTeX Font Info:    Trying to load font information for U+fontawesometwo on input line 45.
 (D:\MiKTeX\tex/latex/fontawesome\ufontawesometwo.fd
File: ufontawesometwo.fd 2016/05/22 Font definitions for U/fontawesometwo.
) [25]

pdfTeX warning: pdflatex (file ./rozdzialy/rozdzial3/img/VT-lifecycle-new.pdf): PDF inclusion: found PDF version <1.7>, but at most version <1.5> allowed
<rozdzialy/rozdzial3/img/VT-lifecycle-new.pdf, id=719, 298.23419pt x 319.1925pt>
File: rozdzialy/rozdzial3/img/VT-lifecycle-new.pdf Graphic file (type pdf)
<use rozdzialy/rozdzial3/img/VT-lifecycle-new.pdf>
Package pdftex.def Info: rozdzialy/rozdzial3/img/VT-lifecycle-new.pdf  used on input line 51.
(pdftex.def)             Requested size: 320.09352pt x 342.6041pt.
[26{D:/MiKTeX/fonts/enc/dvips/fontawesome/fontawesometwo.enc} <./rozdzialy/rozdzial3/img/VT-lifecycle-new.pdf>] (_minted/CD681AB9C804A49D0B07E4C261DDF3D3.highlight.minted)
Underfull \vbox (badness 10000) has occurred while \output is active []

 [27] (_minted/6339C855C71F1128FCB85625B102DBEB.highlight.minted) (_minted/6339C855C71F1128FCB85625B102DBEB.highlight.minted) (_minted/12B56BF77B7088840133BCE8BEC011FC.highlight.minted) (_minted/0B6E4F314F26D16D387CC7AB07BBAC3D.highlight.minted) (_minted/E165E77872016F1934A0B49306F18753.highlight.minted) [28] (_minted/6339C855C71F1128FCB85625B102DBEB.highlight.minted)

pdfTeX warning: pdflatex (file ./rozdzialy/rozdzial3/img/structured-concurrency.pdf): PDF inclusion: found PDF version <1.7>, but at most version <1.5> allowed
<rozdzialy/rozdzial3/img/structured-concurrency.pdf, id=782, 291.00719pt x 370.5042pt>
File: rozdzialy/rozdzial3/img/structured-concurrency.pdf Graphic file (type pdf)
<use rozdzialy/rozdzial3/img/structured-concurrency.pdf>
Package pdftex.def Info: rozdzialy/rozdzial3/img/structured-concurrency.pdf  used on input line 96.
(pdftex.def)             Requested size: 320.09352pt x 407.54456pt.
(_minted/D13D34B99A616428C5EB139A29D833BF.highlight.minted)
Underfull \vbox (badness 6141) has occurred while \output is active []

 [29 <./rozdzialy/rozdzial3/img/structured-concurrency.pdf>] (_minted/FF993DD2967788630780DFE559434398.highlight.minted) (_minted/E165E77872016F1934A0B49306F18753.highlight.minted) (_minted/51AD966224AF1578290AC10A3319304E.highlight.minted) (_minted/96F534546C88F9100CB4F99DBEAA3306.highlight.minted) (_minted/E165E77872016F1934A0B49306F18753.highlight.minted)
Overfull \hbox (0.49023pt too wide) in paragraph at lines 3--110
[][] \T1/cmr/m/n/12 -- stra-te-gia ocze-ku-jˇca na za-ko«-cze-nie wszyst-
 []

(_minted/502C6E8A140CCC76CAF14692118F0001.highlight.minted) (_minted/D13D34B99A616428C5EB139A29D833BF.highlight.minted) (_minted/505AF30BE771F20DA6E90BB50044ED22.highlight.minted) (_minted/BA885615B2E12101EC82A91E5257A39F.highlight.minted) (_minted/61822AD94271B07723541ED9D3EAA8FF.highlight.minted) (_minted/8502D02DF7724CACB0ECDB1ECF8D0019.highlight.minted) (_minted/6B71DEA308F404840AFD8B7AE7035D23.highlight.minted) (_minted/6B71DEA308F404840AFD8B7AE7035D23.highlight.minted) [30]
LaTeX Font Info:    Font shape `T1/cmtt/bx/n' in size <14.4> not available
(Font)              Font shape `T1/cmtt/m/n' tried instead on input line 119.
 (_minted/6B71DEA308F404840AFD8B7AE7035D23.highlight.minted) (_minted/6B71DEA308F404840AFD8B7AE7035D23.highlight.minted) (_minted/6B71DEA308F404840AFD8B7AE7035D23.highlight.minted) (_minted/6B71DEA308F404840AFD8B7AE7035D23.highlight.minted) (_minted/6B71DEA308F404840AFD8B7AE7035D23.highlight.minted) (_minted/6B71DEA308F404840AFD8B7AE7035D23.highlight.minted) [31] (_minted/B418D574D174C52DDB769DACEF3DF167.highlight.minted) (_minted/B418D574D174C52DDB769DACEF3DF167.highlight.minted) (_minted/68DFF2C4E89377EF644D0BF8C122DCE6.highlight.minted) (_minted/91C071DE3A9F9825CA82EA43A20D2366.highlight.minted) (_minted/C8AF5431404675509244B0EA2777F1B7.highlight.minted) (_minted/6EB113E31DDB6337A41D9E0ADC9518D9.highlight.minted) (_minted/6B71DEA308F404840AFD8B7AE7035D23.highlight.minted)) [32]
\openout2 = `rozdzialy/rozdzial4/rozdzial_4.aux'.

 (rozdzialy/rozdzial4/rozdzial_4.tex
Rozdzia\l  4.
[33





]
Underfull \vbox (badness 3579) has occurred while \output is active []

 [34] [35]) [36]
\openout2 = `rozdzialy/rozdzial5/rozdzial_5.aux'.

 (rozdzialy/rozdzial5/rozdzial_5.tex
Rozdzia\l  5.
[37





] [38] [39] [40] (_minted/7EFC6EDCBF86A93DC44F86FF4189A000.highlight.minted)
Package hyperref Info: bookmark level for unknown listing defaults to 0 on input line 121.
 (_minted/6F8E2F950E111567490369E85A22CAAA.highlight.minted) (_minted/CEDCF7A715726F2EB042CB8BA13959B7.highlight.minted) [41] (_minted/CDC7EEC0DC6D85F07AA2F887AFFDA150.highlight.minted) (_minted/0985D85D5DDDF60BD346F80EDCA2DE14.highlight.minted) (_minted/1BDE1FA3E3BD33A7DFAD8D2BAB1280F2.highlight.minted) (_minted/12A6AEB85B57A1665D623853E503BB5C.highlight.minted) (_minted/317B68179063B55F6FB4D4D4D71AF74C.highlight.minted) (_minted/7C29BA17BDCDC23823CDEA5CFEF5F836.highlight.minted) [42] (_minted/59F48EE3169F235F3C6655FB4BBA39BC.highlight.minted) (_minted/CD5B90BE361DF9CCA98BDF0266F8028B.highlight.minted) (_minted/6B2AE559DAB7B7548D87856EF5578F5D.highlight.minted) (_minted/2775C48CC391A14691A55257AD530569.highlight.minted) (_minted/2F006A9AB9C459A35EEBF6798B09E189.highlight.minted) (_minted/F06D45D642CCFAD49A16D4936BE67309.highlight.minted) [43] (_minted/D3959029029558D192E645E85CA6F581.highlight.minted) (_minted/B032D1AA23770503876C06E3ED3C376F.highlight.minted) (_minted/CDC7EEC0DC6D85F07AA2F887AFFDA150.highlight.minted) (_minted/F06D45D642CCFAD49A16D4936BE67309.highlight.minted) [44] (_minted/CDC7EEC0DC6D85F07AA2F887AFFDA150.highlight.minted) (_minted/1BD2F4FC4A5C6395E9C14CD35A747953.highlight.minted) (_minted/1BD2F4FC4A5C6395E9C14CD35A747953.highlight.minted) (_minted/FDE75CF77188B2C8814BF88D42B1F232.highlight.minted) (_minted/F06D45D642CCFAD49A16D4936BE67309.highlight.minted) (_minted/1BD2F4FC4A5C6395E9C14CD35A747953.highlight.minted) (_minted/05B90D1A9B256A9E7E25E68D491FE52E.highlight.minted) (_minted/DDC5DB69E47D9493AE0ABF8031C381D5.highlight.minted) (_minted/3717F01E480BF5A87AF4FD834C5B0F8A.highlight.minted) [45] (_minted/84DCBFCFF90383B716FF25D6A3AD521C.highlight.minted) [46] (_minted/CD681AB9C804A49D0B07E4C261DDF3D3.highlight.minted) (_minted/B429A00186FE52A699FB85733C5CC725.highlight.minted) [47] [48] (_minted/B429A00186FE52A699FB85733C5CC725.highlight.minted) (_minted/CD681AB9C804A49D0B07E4C261DDF3D3.highlight.minted) (_minted/71AB1415889191868ADB6FB2D3BD5E8D.highlight.minted) (_minted/D4A0BCBC5284D7EFA51472E23D7081BF.highlight.minted) (_minted/271DE046135C9AFA61ADEE0D5CAEFC39.highlight.minted) [49] (_minted/35E0A27515A05B4503CCCEA06942CF9C.highlight.minted) (_minted/97DD782DA81C2999BA0133ECF41B45FD.highlight.minted) (_minted/CFCDDFF33B11E173DF9900E486EEA7B3.highlight.minted) (_minted/976C2BE5A7DEAB7D345C52339433D83B.highlight.minted) (_minted/9F5465B4F5B1957C09827610E4162DAF.highlight.minted) (_minted/AEB455C7E39B7D0B95F2B1296180609D.highlight.minted) (_minted/280732297B566D5D2D7222DE0B890274.highlight.minted) (_minted/2F006A9AB9C459A35EEBF6798B09E189.highlight.minted) [50] (_minted/E68A9142354492A3468AE84E88E16BCA.highlight.minted) (_minted/05CF29C4DCD478B8EDC564B1D68C9235.highlight.minted) (_minted/0B6E4F314F26D16D387CC7AB07BBAC3D.highlight.minted) (_minted/05CF29C4DCD478B8EDC564B1D68C9235.highlight.minted) (_minted/E165E77872016F1934A0B49306F18753.highlight.minted) [51] (_minted/846583D5720285F2A7A7502640A06E38.highlight.minted) (_minted/08E78F6CACDA47A3C353E7D4AB82AA46.highlight.minted) [52]
Underfull \vbox (badness 1152) has occurred while \output is active []

 [53]

pdfTeX warning: pdflatex (file ./rozdzialy/rozdzial5/img/scenario-A-db-schema.pdf): PDF inclusion: found PDF version <1.7>, but at most version <1.5> allowed
<rozdzialy/rozdzial5/img/scenario-A-db-schema.pdf, id=1036, 463.7325pt x 233.9139pt>
File: rozdzialy/rozdzial5/img/scenario-A-db-schema.pdf Graphic file (type pdf)
<use rozdzialy/rozdzial5/img/scenario-A-db-schema.pdf>
Package pdftex.def Info: rozdzialy/rozdzial5/img/scenario-A-db-schema.pdf  used on input line 700.
(pdftex.def)             Requested size: 426.79137pt x 215.28548pt.
[54 <./rozdzialy/rozdzial5/img/scenario-A-db-schema.pdf>] (_minted/1BD2F4FC4A5C6395E9C14CD35A747953.highlight.minted) (_minted/D484AA8A3E06A3483F0526B0D22E6617.highlight.minted) (_minted/D9F80B2ED38A6FCF48738C94C60B135B.highlight.minted) (_minted/1779A5863B9E74BE337D7C2C0402229D.highlight.minted) (_minted/A1EB0E797DF1A85861CE1863ECA1CDE4.highlight.minted) (_minted/50804BC0B21D36AEB037DF3C699BF6FD.highlight.minted) [55] (_minted/D484AA8A3E06A3483F0526B0D22E6617.highlight.minted) (_minted/D9F80B2ED38A6FCF48738C94C60B135B.highlight.minted) (_minted/1779A5863B9E74BE337D7C2C0402229D.highlight.minted) (_minted/A1EB0E797DF1A85861CE1863ECA1CDE4.highlight.minted) (_minted/50804BC0B21D36AEB037DF3C699BF6FD.highlight.minted) (_minted/50804BC0B21D36AEB037DF3C699BF6FD.highlight.minted) [56]) [57] [58



]
\openout2 = `rozdzialy/rozdzial6/rozdzial_6.aux'.

 (rozdzialy/rozdzial6/rozdzial_6.tex
Rozdzia\l  6.
LaTeX Font Info:    Font shape `T1/cmtt/bx/n' in size <12> not available
(Font)              Font shape `T1/cmtt/m/n' tried instead on input line 11.

Package subcaption Warning: `subfigure' is treated as `subtable'
(subcaption)                 on input line 51.

<rozdzialy/rozdzial6/wykresy/A_plot_thrpt_Q1_16.pdf, id=1116, 578.16pt x 289.08pt>
File: rozdzialy/rozdzial6/wykresy/A_plot_thrpt_Q1_16.pdf Graphic file (type pdf)
<use rozdzialy/rozdzial6/wykresy/A_plot_thrpt_Q1_16.pdf>
Package pdftex.def Info: rozdzialy/rozdzial6/wykresy/A_plot_thrpt_Q1_16.pdf  used on input line 53.
(pdftex.def)             Requested size: 209.13011pt x 104.56274pt.

Package subcaption Warning: `subfigure' is treated as `subtable'
(subcaption)                 on input line 57.

<rozdzialy/rozdzial6/wykresy/A_plot_thrpt_Q1_32.pdf, id=1117, 578.16pt x 289.08pt>
File: rozdzialy/rozdzial6/wykresy/A_plot_thrpt_Q1_32.pdf Graphic file (type pdf)
<use rozdzialy/rozdzial6/wykresy/A_plot_thrpt_Q1_32.pdf>
Package pdftex.def Info: rozdzialy/rozdzial6/wykresy/A_plot_thrpt_Q1_32.pdf  used on input line 59.
(pdftex.def)             Requested size: 209.13011pt x 104.56274pt.

Package subcaption Warning: `subfigure' is treated as `subtable'
(subcaption)                 on input line 65.

<rozdzialy/rozdzial6/wykresy/A_plot_thrpt_Q1_64.pdf, id=1118, 578.16pt x 289.08pt>
File: rozdzialy/rozdzial6/wykresy/A_plot_thrpt_Q1_64.pdf Graphic file (type pdf)
<use rozdzialy/rozdzial6/wykresy/A_plot_thrpt_Q1_64.pdf>
Package pdftex.def Info: rozdzialy/rozdzial6/wykresy/A_plot_thrpt_Q1_64.pdf  used on input line 67.
(pdftex.def)             Requested size: 209.13011pt x 104.56274pt.

Package subcaption Warning: `subfigure' is treated as `subtable'
(subcaption)                 on input line 71.

<rozdzialy/rozdzial6/wykresy/A_plot_thrpt_Q1_256.pdf, id=1119, 578.16pt x 289.08pt>
File: rozdzialy/rozdzial6/wykresy/A_plot_thrpt_Q1_256.pdf Graphic file (type pdf)
<use rozdzialy/rozdzial6/wykresy/A_plot_thrpt_Q1_256.pdf>
Package pdftex.def Info: rozdzialy/rozdzial6/wykresy/A_plot_thrpt_Q1_256.pdf  used on input line 73.
(pdftex.def)             Requested size: 209.13011pt x 104.56274pt.

Package subcaption Warning: `subfigure' is treated as `subtable'
(subcaption)                 on input line 79.

<rozdzialy/rozdzial6/wykresy/A_plot_thrpt_Q1_1024.pdf, id=1120, 578.16pt x 289.08pt>
File: rozdzialy/rozdzial6/wykresy/A_plot_thrpt_Q1_1024.pdf Graphic file (type pdf)
<use rozdzialy/rozdzial6/wykresy/A_plot_thrpt_Q1_1024.pdf>
Package pdftex.def Info: rozdzialy/rozdzial6/wykresy/A_plot_thrpt_Q1_1024.pdf  used on input line 81.
(pdftex.def)             Requested size: 209.13011pt x 104.56274pt.

Package subcaption Warning: `subfigure' is treated as `subtable'
(subcaption)                 on input line 115.

<rozdzialy/rozdzial6/wykresy/A_plot_thrpt_Q2_16.pdf, id=1121, 578.16pt x 289.08pt>
File: rozdzialy/rozdzial6/wykresy/A_plot_thrpt_Q2_16.pdf Graphic file (type pdf)
<use rozdzialy/rozdzial6/wykresy/A_plot_thrpt_Q2_16.pdf>
Package pdftex.def Info: rozdzialy/rozdzial6/wykresy/A_plot_thrpt_Q2_16.pdf  used on input line 117.
(pdftex.def)             Requested size: 209.13011pt x 104.56274pt.

Package subcaption Warning: `subfigure' is treated as `subtable'
(subcaption)                 on input line 121.

<rozdzialy/rozdzial6/wykresy/A_plot_thrpt_Q2_32.pdf, id=1122, 578.16pt x 289.08pt>
File: rozdzialy/rozdzial6/wykresy/A_plot_thrpt_Q2_32.pdf Graphic file (type pdf)
<use rozdzialy/rozdzial6/wykresy/A_plot_thrpt_Q2_32.pdf>
Package pdftex.def Info: rozdzialy/rozdzial6/wykresy/A_plot_thrpt_Q2_32.pdf  used on input line 123.
(pdftex.def)             Requested size: 209.13011pt x 104.56274pt.

Package subcaption Warning: `subfigure' is treated as `subtable'
(subcaption)                 on input line 129.

<rozdzialy/rozdzial6/wykresy/A_plot_thrpt_Q2_64.pdf, id=1123, 578.16pt x 289.08pt>
File: rozdzialy/rozdzial6/wykresy/A_plot_thrpt_Q2_64.pdf Graphic file (type pdf)
<use rozdzialy/rozdzial6/wykresy/A_plot_thrpt_Q2_64.pdf>
Package pdftex.def Info: rozdzialy/rozdzial6/wykresy/A_plot_thrpt_Q2_64.pdf  used on input line 131.
(pdftex.def)             Requested size: 209.13011pt x 104.56274pt.

Package subcaption Warning: `subfigure' is treated as `subtable'
(subcaption)                 on input line 135.

<rozdzialy/rozdzial6/wykresy/A_plot_thrpt_Q2_256.pdf, id=1124, 578.16pt x 289.08pt>
File: rozdzialy/rozdzial6/wykresy/A_plot_thrpt_Q2_256.pdf Graphic file (type pdf)
<use rozdzialy/rozdzial6/wykresy/A_plot_thrpt_Q2_256.pdf>
Package pdftex.def Info: rozdzialy/rozdzial6/wykresy/A_plot_thrpt_Q2_256.pdf  used on input line 137.
(pdftex.def)             Requested size: 209.13011pt x 104.56274pt.

Package subcaption Warning: `subfigure' is treated as `subtable'
(subcaption)                 on input line 143.

<rozdzialy/rozdzial6/wykresy/A_plot_thrpt_Q2_1024.pdf, id=1125, 578.16pt x 289.08pt>
File: rozdzialy/rozdzial6/wykresy/A_plot_thrpt_Q2_1024.pdf Graphic file (type pdf)
<use rozdzialy/rozdzial6/wykresy/A_plot_thrpt_Q2_1024.pdf>
Package pdftex.def Info: rozdzialy/rozdzial6/wykresy/A_plot_thrpt_Q2_1024.pdf  used on input line 145.
(pdftex.def)             Requested size: 209.13011pt x 104.56274pt.

Package subcaption Warning: `subfigure' is treated as `subtable'
(subcaption)                 on input line 180.

<rozdzialy/rozdzial6/wykresy/A_plot_thrpt_Q3_16.pdf, id=1126, 578.16pt x 289.08pt>
File: rozdzialy/rozdzial6/wykresy/A_plot_thrpt_Q3_16.pdf Graphic file (type pdf)
<use rozdzialy/rozdzial6/wykresy/A_plot_thrpt_Q3_16.pdf>
Package pdftex.def Info: rozdzialy/rozdzial6/wykresy/A_plot_thrpt_Q3_16.pdf  used on input line 182.
(pdftex.def)             Requested size: 209.13011pt x 104.56274pt.

Package subcaption Warning: `subfigure' is treated as `subtable'
(subcaption)                 on input line 186.

<rozdzialy/rozdzial6/wykresy/A_plot_thrpt_Q3_32.pdf, id=1127, 578.16pt x 289.08pt>
File: rozdzialy/rozdzial6/wykresy/A_plot_thrpt_Q3_32.pdf Graphic file (type pdf)
<use rozdzialy/rozdzial6/wykresy/A_plot_thrpt_Q3_32.pdf>
Package pdftex.def Info: rozdzialy/rozdzial6/wykresy/A_plot_thrpt_Q3_32.pdf  used on input line 188.
(pdftex.def)             Requested size: 209.13011pt x 104.56274pt.

Package subcaption Warning: `subfigure' is treated as `subtable'
(subcaption)                 on input line 194.

<rozdzialy/rozdzial6/wykresy/A_plot_thrpt_Q3_64.pdf, id=1128, 578.16pt x 289.08pt>
File: rozdzialy/rozdzial6/wykresy/A_plot_thrpt_Q3_64.pdf Graphic file (type pdf)
<use rozdzialy/rozdzial6/wykresy/A_plot_thrpt_Q3_64.pdf>
Package pdftex.def Info: rozdzialy/rozdzial6/wykresy/A_plot_thrpt_Q3_64.pdf  used on input line 196.
(pdftex.def)             Requested size: 209.13011pt x 104.56274pt.

Package subcaption Warning: `subfigure' is treated as `subtable'
(subcaption)                 on input line 200.

<rozdzialy/rozdzial6/wykresy/A_plot_thrpt_Q3_256.pdf, id=1129, 578.16pt x 289.08pt>
File: rozdzialy/rozdzial6/wykresy/A_plot_thrpt_Q3_256.pdf Graphic file (type pdf)
<use rozdzialy/rozdzial6/wykresy/A_plot_thrpt_Q3_256.pdf>
Package pdftex.def Info: rozdzialy/rozdzial6/wykresy/A_plot_thrpt_Q3_256.pdf  used on input line 202.
(pdftex.def)             Requested size: 209.13011pt x 104.56274pt.

Package subcaption Warning: `subfigure' is treated as `subtable'
(subcaption)                 on input line 208.

<rozdzialy/rozdzial6/wykresy/A_plot_thrpt_Q3_1024.pdf, id=1130, 578.16pt x 289.08pt>
File: rozdzialy/rozdzial6/wykresy/A_plot_thrpt_Q3_1024.pdf Graphic file (type pdf)
<use rozdzialy/rozdzial6/wykresy/A_plot_thrpt_Q3_1024.pdf>
Package pdftex.def Info: rozdzialy/rozdzial6/wykresy/A_plot_thrpt_Q3_1024.pdf  used on input line 210.
(pdftex.def)             Requested size: 209.13011pt x 104.56274pt.
[59


] [60 <./rozdzialy/rozdzial6/wykresy/A_plot_thrpt_Q1_16.pdf> <./rozdzialy/rozdzial6/wykresy/A_plot_thrpt_Q1_32.pdf> <./rozdzialy/rozdzial6/wykresy/A_plot_thrpt_Q1_64.pdf> <./rozdzialy/rozdzial6/wykresy/A_plot_thrpt_Q1_256.pdf> <./rozdzialy/rozdzial6/wykresy/A_plot_thrpt_Q1_1024.pdf>] [61 <./rozdzialy/rozdzial6/wykresy/A_plot_thrpt_Q2_16.pdf> <./rozdzialy/rozdzial6/wykresy/A_plot_thrpt_Q2_32.pdf> <./rozdzialy/rozdzial6/wykresy/A_plot_thrpt_Q2_64.pdf> <./rozdzialy/rozdzial6/wykresy/A_plot_thrpt_Q2_256.pdf> <./rozdzialy/rozdzial6/wykresy/A_plot_thrpt_Q2_1024.pdf>] [62 <./rozdzialy/rozdzial6/wykresy/A_plot_thrpt_Q3_16.pdf> <./rozdzialy/rozdzial6/wykresy/A_plot_thrpt_Q3_32.pdf> <./rozdzialy/rozdzial6/wykresy/A_plot_thrpt_Q3_64.pdf> <./rozdzialy/rozdzial6/wykresy/A_plot_thrpt_Q3_256.pdf> <./rozdzialy/rozdzial6/wykresy/A_plot_thrpt_Q3_1024.pdf>]
<rozdzialy/rozdzial6/wykresy/A_plot_avg_Q1_16.pdf, id=1682, 578.16pt x 361.35pt>
File: rozdzialy/rozdzial6/wykresy/A_plot_avg_Q1_16.pdf Graphic file (type pdf)
<use rozdzialy/rozdzial6/wykresy/A_plot_avg_Q1_16.pdf>
Package pdftex.def Info: rozdzialy/rozdzial6/wykresy/A_plot_avg_Q1_16.pdf  used on input line 285.
(pdftex.def)             Requested size: 209.13011pt x 130.70343pt.
<rozdzialy/rozdzial6/wykresy/A_plot_avg_Q1_32.pdf, id=1683, 578.16pt x 361.35pt>
File: rozdzialy/rozdzial6/wykresy/A_plot_avg_Q1_32.pdf Graphic file (type pdf)
<use rozdzialy/rozdzial6/wykresy/A_plot_avg_Q1_32.pdf>
Package pdftex.def Info: rozdzialy/rozdzial6/wykresy/A_plot_avg_Q1_32.pdf  used on input line 291.
(pdftex.def)             Requested size: 209.13011pt x 130.70343pt.
<rozdzialy/rozdzial6/wykresy/A_plot_avg_Q1_64.pdf, id=1684, 578.16pt x 361.35pt>
File: rozdzialy/rozdzial6/wykresy/A_plot_avg_Q1_64.pdf Graphic file (type pdf)
<use rozdzialy/rozdzial6/wykresy/A_plot_avg_Q1_64.pdf>
Package pdftex.def Info: rozdzialy/rozdzial6/wykresy/A_plot_avg_Q1_64.pdf  used on input line 299.
(pdftex.def)             Requested size: 209.13011pt x 130.70343pt.
<rozdzialy/rozdzial6/wykresy/A_plot_avg_Q1_256.pdf, id=1685, 578.16pt x 361.35pt>
File: rozdzialy/rozdzial6/wykresy/A_plot_avg_Q1_256.pdf Graphic file (type pdf)
<use rozdzialy/rozdzial6/wykresy/A_plot_avg_Q1_256.pdf>
Package pdftex.def Info: rozdzialy/rozdzial6/wykresy/A_plot_avg_Q1_256.pdf  used on input line 305.
(pdftex.def)             Requested size: 209.13011pt x 130.70343pt.
<rozdzialy/rozdzial6/wykresy/A_plot_avg_Q1_1024.pdf, id=1686, 578.16pt x 361.35pt>
File: rozdzialy/rozdzial6/wykresy/A_plot_avg_Q1_1024.pdf Graphic file (type pdf)
<use rozdzialy/rozdzial6/wykresy/A_plot_avg_Q1_1024.pdf>
Package pdftex.def Info: rozdzialy/rozdzial6/wykresy/A_plot_avg_Q1_1024.pdf  used on input line 313.
(pdftex.def)             Requested size: 209.13011pt x 130.70343pt.
<rozdzialy/rozdzial6/wykresy/A_plot_avg_Q2_16.pdf, id=1687, 578.16pt x 361.35pt>
File: rozdzialy/rozdzial6/wykresy/A_plot_avg_Q2_16.pdf Graphic file (type pdf)
<use rozdzialy/rozdzial6/wykresy/A_plot_avg_Q2_16.pdf>
Package pdftex.def Info: rozdzialy/rozdzial6/wykresy/A_plot_avg_Q2_16.pdf  used on input line 364.
(pdftex.def)             Requested size: 209.13011pt x 130.70343pt.
<rozdzialy/rozdzial6/wykresy/A_plot_avg_Q2_32.pdf, id=1688, 578.16pt x 361.35pt>
File: rozdzialy/rozdzial6/wykresy/A_plot_avg_Q2_32.pdf Graphic file (type pdf)
<use rozdzialy/rozdzial6/wykresy/A_plot_avg_Q2_32.pdf>
Package pdftex.def Info: rozdzialy/rozdzial6/wykresy/A_plot_avg_Q2_32.pdf  used on input line 370.
(pdftex.def)             Requested size: 209.13011pt x 130.70343pt.
<rozdzialy/rozdzial6/wykresy/A_plot_avg_Q2_64.pdf, id=1689, 578.16pt x 361.35pt>
File: rozdzialy/rozdzial6/wykresy/A_plot_avg_Q2_64.pdf Graphic file (type pdf)
<use rozdzialy/rozdzial6/wykresy/A_plot_avg_Q2_64.pdf>
Package pdftex.def Info: rozdzialy/rozdzial6/wykresy/A_plot_avg_Q2_64.pdf  used on input line 378.
(pdftex.def)             Requested size: 209.13011pt x 130.70343pt.
<rozdzialy/rozdzial6/wykresy/A_plot_avg_Q2_256.pdf, id=1690, 578.16pt x 361.35pt>
File: rozdzialy/rozdzial6/wykresy/A_plot_avg_Q2_256.pdf Graphic file (type pdf)
<use rozdzialy/rozdzial6/wykresy/A_plot_avg_Q2_256.pdf>
Package pdftex.def Info: rozdzialy/rozdzial6/wykresy/A_plot_avg_Q2_256.pdf  used on input line 384.
(pdftex.def)             Requested size: 209.13011pt x 130.70343pt.
<rozdzialy/rozdzial6/wykresy/A_plot_avg_Q2_1024.pdf, id=1691, 578.16pt x 361.35pt>
File: rozdzialy/rozdzial6/wykresy/A_plot_avg_Q2_1024.pdf Graphic file (type pdf)
<use rozdzialy/rozdzial6/wykresy/A_plot_avg_Q2_1024.pdf>
Package pdftex.def Info: rozdzialy/rozdzial6/wykresy/A_plot_avg_Q2_1024.pdf  used on input line 392.
(pdftex.def)             Requested size: 209.13011pt x 130.70343pt.
<rozdzialy/rozdzial6/wykresy/A_plot_avg_Q3_16.pdf, id=1692, 578.16pt x 361.35pt>
File: rozdzialy/rozdzial6/wykresy/A_plot_avg_Q3_16.pdf Graphic file (type pdf)
<use rozdzialy/rozdzial6/wykresy/A_plot_avg_Q3_16.pdf>
Package pdftex.def Info: rozdzialy/rozdzial6/wykresy/A_plot_avg_Q3_16.pdf  used on input line 443.
(pdftex.def)             Requested size: 209.13011pt x 130.70343pt.
<rozdzialy/rozdzial6/wykresy/A_plot_avg_Q3_32.pdf, id=1693, 578.16pt x 361.35pt>
File: rozdzialy/rozdzial6/wykresy/A_plot_avg_Q3_32.pdf Graphic file (type pdf)
<use rozdzialy/rozdzial6/wykresy/A_plot_avg_Q3_32.pdf>
Package pdftex.def Info: rozdzialy/rozdzial6/wykresy/A_plot_avg_Q3_32.pdf  used on input line 449.
(pdftex.def)             Requested size: 209.13011pt x 130.70343pt.
<rozdzialy/rozdzial6/wykresy/A_plot_avg_Q3_64.pdf, id=1694, 578.16pt x 361.35pt>
File: rozdzialy/rozdzial6/wykresy/A_plot_avg_Q3_64.pdf Graphic file (type pdf)
<use rozdzialy/rozdzial6/wykresy/A_plot_avg_Q3_64.pdf>
Package pdftex.def Info: rozdzialy/rozdzial6/wykresy/A_plot_avg_Q3_64.pdf  used on input line 457.
(pdftex.def)             Requested size: 209.13011pt x 130.70343pt.
<rozdzialy/rozdzial6/wykresy/A_plot_avg_Q3_256.pdf, id=1695, 578.16pt x 361.35pt>
File: rozdzialy/rozdzial6/wykresy/A_plot_avg_Q3_256.pdf Graphic file (type pdf)
<use rozdzialy/rozdzial6/wykresy/A_plot_avg_Q3_256.pdf>
Package pdftex.def Info: rozdzialy/rozdzial6/wykresy/A_plot_avg_Q3_256.pdf  used on input line 463.
(pdftex.def)             Requested size: 209.13011pt x 130.70343pt.
<rozdzialy/rozdzial6/wykresy/A_plot_avg_Q3_1024.pdf, id=1696, 578.16pt x 361.35pt>
File: rozdzialy/rozdzial6/wykresy/A_plot_avg_Q3_1024.pdf Graphic file (type pdf)
<use rozdzialy/rozdzial6/wykresy/A_plot_avg_Q3_1024.pdf>
Package pdftex.def Info: rozdzialy/rozdzial6/wykresy/A_plot_avg_Q3_1024.pdf  used on input line 471.
(pdftex.def)             Requested size: 209.13011pt x 130.70343pt.
 [63] [64] [65 <./rozdzialy/rozdzial6/wykresy/A_plot_avg_Q1_16.pdf> <./rozdzialy/rozdzial6/wykresy/A_plot_avg_Q1_32.pdf> <./rozdzialy/rozdzial6/wykresy/A_plot_avg_Q1_64.pdf> <./rozdzialy/rozdzial6/wykresy/A_plot_avg_Q1_256.pdf> <./rozdzialy/rozdzial6/wykresy/A_plot_avg_Q1_1024.pdf>] [66] [67 <./rozdzialy/rozdzial6/wykresy/A_plot_avg_Q2_16.pdf> <./rozdzialy/rozdzial6/wykresy/A_plot_avg_Q2_32.pdf> <./rozdzialy/rozdzial6/wykresy/A_plot_avg_Q2_64.pdf> <./rozdzialy/rozdzial6/wykresy/A_plot_avg_Q2_256.pdf> <./rozdzialy/rozdzial6/wykresy/A_plot_avg_Q2_1024.pdf>] [68] [69 <./rozdzialy/rozdzial6/wykresy/A_plot_avg_Q3_16.pdf> <./rozdzialy/rozdzial6/wykresy/A_plot_avg_Q3_32.pdf> <./rozdzialy/rozdzial6/wykresy/A_plot_avg_Q3_64.pdf> <./rozdzialy/rozdzial6/wykresy/A_plot_avg_Q3_256.pdf> <./rozdzialy/rozdzial6/wykresy/A_plot_avg_Q3_1024.pdf>]
<rozdzialy/rozdzial6/wykresy/B_plot_avg_C1.pdf, id=2181, 578.16pt x 361.35pt>
File: rozdzialy/rozdzial6/wykresy/B_plot_avg_C1.pdf Graphic file (type pdf)
<use rozdzialy/rozdzial6/wykresy/B_plot_avg_C1.pdf>
Package pdftex.def Info: rozdzialy/rozdzial6/wykresy/B_plot_avg_C1.pdf  used on input line 545.
(pdftex.def)             Requested size: 209.13011pt x 130.70343pt.
<rozdzialy/rozdzial6/wykresy/B_plot_avg_C2.pdf, id=2182, 578.16pt x 361.35pt>
File: rozdzialy/rozdzial6/wykresy/B_plot_avg_C2.pdf Graphic file (type pdf)
<use rozdzialy/rozdzial6/wykresy/B_plot_avg_C2.pdf>
Package pdftex.def Info: rozdzialy/rozdzial6/wykresy/B_plot_avg_C2.pdf  used on input line 551.
(pdftex.def)             Requested size: 209.13011pt x 130.70343pt.
<rozdzialy/rozdzial6/wykresy/B_plot_avg_C3.pdf, id=2183, 578.16pt x 361.35pt>
File: rozdzialy/rozdzial6/wykresy/B_plot_avg_C3.pdf Graphic file (type pdf)
<use rozdzialy/rozdzial6/wykresy/B_plot_avg_C3.pdf>
Package pdftex.def Info: rozdzialy/rozdzial6/wykresy/B_plot_avg_C3.pdf  used on input line 559.
(pdftex.def)             Requested size: 209.13011pt x 130.70343pt.
<rozdzialy/rozdzial6/wykresy/B_plot_avg_C4.pdf, id=2184, 578.16pt x 361.35pt>
File: rozdzialy/rozdzial6/wykresy/B_plot_avg_C4.pdf Graphic file (type pdf)
<use rozdzialy/rozdzial6/wykresy/B_plot_avg_C4.pdf>
Package pdftex.def Info: rozdzialy/rozdzial6/wykresy/B_plot_avg_C4.pdf  used on input line 565.
(pdftex.def)             Requested size: 209.13011pt x 130.70343pt.
 [70] [71] [72 <./rozdzialy/rozdzial6/wykresy/B_plot_avg_C1.pdf> <./rozdzialy/rozdzial6/wykresy/B_plot_avg_C2.pdf> <./rozdzialy/rozdzial6/wykresy/B_plot_avg_C3.pdf> <./rozdzialy/rozdzial6/wykresy/B_plot_avg_C4.pdf>] [73]) [74]
\openout2 = `rozdzialy/rozdzial7/rozdzial_7.aux'.

 (rozdzialy/rozdzial7/rozdzial_7.tex
Rozdzia\l  7.
[75





]) [76]
\openout2 = `rozdzialy/podsumowanie/podsumowanie.aux'.

 (rozdzialy/podsumowanie/podsumowanie.tex
Rozdzia\l  8.
) [77





] [78



] [79

]
Overfull \hbox (3.42899pt too wide) in paragraph at lines 189--189
[]\T1/cmr/m/n/12 Strona in-ter-ne-towa pro-jektu Pro-ject Re-ac-tor. \T1/cmr/m/sc/12 url\T1/cmr/m/n/12 : []$\T1/cmtt/m/n/12 https : / / projectreactor .
 []

[80]
Overfull \hbox (0.65483pt too wide) in paragraph at lines 189--189
[]\T1/cmr/m/n/12 Dokumentacja klasy \T1/cmtt/m/n/12 java.util.concurrent.StructuredTaskScope \T1/cmr/m/n/12 dla JDK
 []

[81]
Overfull \hbox (19.89395pt too wide) in paragraph at lines 189--189
[]\T1/cmr/m/n/12 Dokumentacja in-ter-fejsu \T1/cmtt/m/n/12 java.util.concurrent.StructuredTaskScope.Joiner
 []

[82]
Overfull \hbox (3.49419pt too wide) in paragraph at lines 189--189
[]\T1/cmr/m/n/12 Strona in-ter-ne-towa bazy da-nych Post-gre-SQL. \T1/cmr/m/sc/12 url\T1/cmr/m/n/12 : []$\T1/cmtt/m/n/12 https : / / www . postgresql .
 []

[83] (mgr.lof
Overfull \hbox (13.74689pt too wide) in paragraph at lines 10--10
 [][] [][]\T1/cmr/m/n/12 Schemat dzia-Şa-nia za-kresu za-da« w ra-mach klasy \T1/cmtt/m/n/12 StructuredTaskScope 
 []

)
\tf@lof=\write9
\openout9 = `mgr.lof'.

 [84


] [85] (mgr.lot)
\tf@lot=\write10
\openout10 = `mgr.lot'.

 [86


] (mgr.lol
Overfull \hbox (2.65997pt too wide) in paragraph at lines 4--4
 [][] [][]\T1/cmr/m/n/12 Uproszczona im-ple-men-ta-cja wspóŞ-bie»-nego wy-ko-na-nia za-py-ta-nia w ra- 
 []


Overfull \hbox (2.65997pt too wide) in paragraph at lines 5--5
 [][] [][]\T1/cmr/m/n/12 Uproszczona im-ple-men-ta-cja wspóŞ-bie»-nego wy-ko-na-nia za-py-ta-nia w ra- 
 []


Overfull \hbox (2.65997pt too wide) in paragraph at lines 6--6
 [][] [][]\T1/cmr/m/n/12 Uproszczona im-ple-men-ta-cja wspóŞ-bie»-nego wy-ko-na-nia za-py-ta-nia w ra- 
 []

)
\tf@lol=\write11
\openout11 = `mgr.lol'.

 [87


] (mgr.aux (rozdzialy/tytulowa/tytulowa.aux) (rozdzialy/wstep/wstep.aux) (rozdzialy/rozdzial1/rozdzial_1.aux) (rozdzialy/rozdzial2/rozdzial_2.aux) (rozdzialy/rozdzial3/rozdzial_3.aux) (rozdzialy/rozdzial4/rozdzial_4.aux) (rozdzialy/rozdzial5/rozdzial_5.aux) (rozdzialy/rozdzial6/rozdzial_6.aux) (rozdzialy/rozdzial7/rozdzial_7.aux) (rozdzialy/podsumowanie/podsumowanie.aux))
 ***********
LaTeX2e <2025-11-01>
L3 programming layer <2025-12-29>
 ***********
Package rerunfilecheck Info: File `mgr.out' has not changed.
(rerunfilecheck)             Checksum: 8C64A0303ED6F5D7CEC48C39ED6C5859;16552.
Package logreq Info: Writing requests to 'mgr.run.xml'.
\openout1 = `mgr.run.xml'.

 ) 
Here is how much of TeX's memory you used:
 34022 strings out of 467871
 687018 string characters out of 5435211
 1682256 words of memory out of 5000000
 61660 multiletter control sequences out of 15000+600000
 652130 words of font info for 98 fonts, out of 8000000 for 9000
 1141 hyphenation exceptions out of 8191
 94i,13n,93p,1224b,2329s stack positions out of 10000i,1000n,20000p,200000b,200000s
<D:/MiKTeX/fonts/type1/public/fontawesome/FontAwesome.pfb><D:/MiKTeX/fonts/type1/public/amsfonts/cm/cmex10.pfb><D:/MiKTeX/fonts/type1/public/amsfonts/cm/cmmi12.pfb><D:/MiKTeX/fonts/type1/public/amsfonts/cm/cmmi6.pfb><D:/MiKTeX/fonts/type1/public/amsfonts/cm/cmmi8.pfb><D:/MiKTeX/fonts/type1/public/amsfonts/cm/cmr12.pfb><D:/MiKTeX/fonts/type1/public/amsfonts/cm/cmr8.pfb><D:/MiKTeX/fonts/type1/public/amsfonts/cm/cmsy10.pfb><D:/MiKTeX/fonts/type1/public/amsfonts/symbols/msam10.pfb><D:/MiKTeX/fonts/type1/public/cm-super/sfbi1728.pfb><D:/MiKTeX/fonts/type1/public/cm-super/sfbx1200.pfb><D:/MiKTeX/fonts/type1/public/cm-super/sfbx1440.pfb><D:/MiKTeX/fonts/type1/public/cm-super/sfbx1728.pfb><D:/MiKTeX/fonts/type1/public/cm-super/sfbx2074.pfb><D:/MiKTeX/fonts/type1/public/cm-super/sfbx2488.pfb><D:/MiKTeX/fonts/type1/public/cm-super/sfcc1200.pfb><D:/MiKTeX/fonts/type1/public/cm-super/sfit1200.pfb><D:/MiKTeX/fonts/type1/public/cm-super/sfrm0600.pfb><D:/MiKTeX/fonts/type1/public/cm-super/sfrm0700.pfb><D:/MiKTeX/fonts/type1/public/cm-super/sfrm0800.pfb><D:/MiKTeX/fonts/type1/public/cm-super/sfrm1000.pfb><D:/MiKTeX/fonts/type1/public/cm-super/sfrm1095.pfb><D:/MiKTeX/fonts/type1/public/cm-super/sfrm1200.pfb><D:/MiKTeX/fonts/type1/public/cm-super/sfrm1440.pfb><D:/MiKTeX/fonts/type1/public/cm-super/sfrm2074.pfb><D:/MiKTeX/fonts/type1/public/cm-super/sfti1000.pfb><D:/MiKTeX/fonts/type1/public/cm-super/sfti1200.pfb><D:/MiKTeX/fonts/type1/public/cm-super/sftt1000.pfb><D:/MiKTeX/fonts/type1/public/cm-super/sftt1095.pfb><D:/MiKTeX/fonts/type1/public/cm-super/sftt1200.pfb><D:/MiKTeX/fonts/type1/public/cm-super/sftt1440.pfb>
Output written on mgr.pdf (87 pages, 1985428 bytes).
PDF statistics:
 2787 PDF objects out of 2984 (max. 8388607)
 351 named destinations out of 1000 (max. 500000)
 831 words of extra memory for PDF output out of 10000 (max. 10000000)

