\BOOKMARK [0][-]{Spis treści.0}{\376\377\000S\000p\000i\000s\000\040\000t\000r\000e\001\133\000c\000i}{}% 1
\BOOKMARK [0][-]{section*.3}{\376\377\000S\000t\000r\000e\000s\000z\000c\000z\000e\000n\000i\000e}{}% 2
\BOOKMARK [0][-]{chapter.1}{\376\377\000W\000s\000t\001\031\000p}{}% 3
\BOOKMARK [1][-]{section.1.1}{\376\377\000M\000o\000t\000y\000w\000a\000c\000j\000a}{chapter.1}% 4
\BOOKMARK [1][-]{section.1.2}{\376\377\000C\000e\000l\000\040\000i\000\040\000z\000a\000k\000r\000e\000s\000\040\000p\000r\000a\000c\000y}{chapter.1}% 5
\BOOKMARK [1][-]{section.1.3}{\376\377\000P\000y\000t\000a\000n\000i\000a\000\040\000b\000a\000d\000a\000w\000c\000z\000e}{chapter.1}% 6
\BOOKMARK [1][-]{section.1.4}{\376\377\000S\000t\000r\000u\000k\000t\000u\000r\000a\000\040\000p\000r\000a\000c\000y}{chapter.1}% 7
\BOOKMARK [0][-]{chapter.2}{\376\377\000W\000p\000r\000o\000w\000a\000d\000z\000e\000n\000i\000e\000\040\000t\000e\000o\000r\000e\000t\000y\000c\000z\000n\000e}{}% 8
\BOOKMARK [1][-]{section.2.1}{\376\377\000P\000o\000d\000s\000t\000a\000w\000o\000w\000e\000\040\000p\000o\000j\001\031\000c\000i\000a}{chapter.2}% 9
\BOOKMARK [2][-]{subsection.2.1.1}{\376\377\000W\000s\000p\000\363\001\102\000b\000i\000e\001\174\000n\000o\001\133\001\007\000\040\000a\000\040\000r\000\363\000w\000n\000o\000l\000e\000g\001\102\000o\001\133\001\007}{section.2.1}% 10
\BOOKMARK [2][-]{subsection.2.1.2}{\376\377\000Z\000a\000s\000a\000d\000a\000\040\000d\000z\000i\000a\001\102\000a\000n\000i\000a\000\040\000p\000r\000o\000c\000e\000s\000\363\000w\000\040\000i\000\040\000w\001\005\000t\000k\000\363\000w}{section.2.1}% 11
\BOOKMARK [1][-]{section.2.2}{\376\377\000P\000r\000o\000b\000l\000e\000m\000y\000\040\000w\000y\000s\000t\001\031\000p\000u\000j\001\005\000c\000e\000\040\000w\000\040\000s\000y\000s\000t\000e\000m\000a\000c\000h\000\040\000w\000s\000p\000\363\001\102\000b\000i\000e\001\174\000n\000y\000c\000h}{chapter.2}% 12
\BOOKMARK [2][-]{subsection.2.2.1}{\376\377\000R\000a\000c\000e\000\040\000c\000o\000n\000d\000i\000t\000i\000o\000n\000\040\000i\000\040\000p\000a\000m\000i\001\031\001\007\000\040\000w\000s\000p\000\363\001\102\000d\000z\000i\000e\000l\000o\000n\000a}{section.2.2}% 13
\BOOKMARK [2][-]{subsection.2.2.2}{\376\377\000P\000r\000o\000b\000l\000e\000m\000y\000\040\001\174\000y\000w\000o\000t\000n\000o\001\133\000c\000i\000:\000\040\000z\000a\000k\000l\000e\000s\000z\000c\000z\000e\000n\000i\000e\000,\000\040\000z\000a\000g\001\102\000o\000d\000z\000e\000n\000i\000e\000,\000\040\000l\000i\000v\000e\000l\000o\000c\000k}{section.2.2}% 14
\BOOKMARK [2][-]{subsection.2.2.3}{\376\377\000P\000r\000o\000b\000l\000e\000m\000y\000\040\000z\000w\000i\001\005\000z\000a\000n\000e\000\040\000z\000\040\000w\000y\000d\000a\000j\000n\000o\001\133\000c\000i\001\005}{section.2.2}% 15
\BOOKMARK [1][-]{section.2.3}{\376\377\000M\000o\000d\000e\000l\000e\000\040\000w\000s\000p\000\363\001\102\000b\000i\000e\001\174\000n\000o\001\133\000c\000i\000\040\000w\000\040\001\133\000r\000o\000d\000o\000w\000i\000s\000k\000u\000\040\000J\000V\000M}{chapter.2}% 16
\BOOKMARK [2][-]{subsection.2.3.1}{\376\377\000K\000l\000a\000s\000y\000c\000z\000n\000y\000\040\000m\000o\000d\000e\000l\000\040\000w\000s\000p\000\363\001\102\000b\000i\000e\001\174\000n\000o\001\133\000c\000i}{section.2.3}% 17
\BOOKMARK [2][-]{subsection.2.3.2}{\376\377\000M\000o\000d\000e\000l\000\040\000w\000s\000p\000\363\001\102\000b\000i\000e\001\174\000n\000o\001\133\000c\000i\000\040\000o\000p\000a\000r\000t\000y\000\040\000o\000\040\000p\000u\000l\000e\000\040\000w\001\005\000t\000k\000\363\000w}{section.2.3}% 18
\BOOKMARK [2][-]{subsection.2.3.3}{\376\377\000R\000e\000a\000k\000t\000y\000w\000n\000y\000\040\000m\000o\000d\000e\000l\000\040\000w\000s\000p\000\363\001\102\000b\000i\000e\001\174\000n\000o\001\133\000c\000i}{section.2.3}% 19
\BOOKMARK [0][-]{chapter.3}{\376\377\000M\000e\000c\000h\000a\000n\000i\000z\000m\000y\000\040\000w\000s\000p\000\363\001\102\000b\000i\000e\001\174\000n\000o\001\133\000c\000i\000\040\000o\000f\000e\000r\000o\000w\000a\000n\000e\000\040\000p\000r\000z\000e\000z\000\040\000P\000r\000o\000j\000e\000c\000t\000\040\000L\000o\000o\000m}{}% 20
\BOOKMARK [1][-]{section.3.1}{\376\377\000W\000p\000r\000o\000w\000a\000d\000z\000e\000n\000i\000e\000\040\000d\000o\000\040\000P\000r\000o\000j\000e\000c\000t\000\040\000L\000o\000o\000m}{chapter.3}% 21
\BOOKMARK [1][-]{section.3.2}{\376\377\000W\000i\000r\000t\000u\000a\000l\000n\000e\000\040\000w\001\005\000t\000k\000i\000\040\000\050\000V\000i\000r\000t\000u\000a\000l\000\040\000T\000h\000r\000e\000a\000d\000s\000\051}{chapter.3}% 22
\BOOKMARK [2][-]{subsection.3.2.1}{\376\377\000Z\000a\000s\000a\000d\000a\000\040\000d\000z\000i\000a\001\102\000a\000n\000i\000a\000\040\000i\000\040\000c\000y\000k\000l\000\040\001\174\000y\000c\000i\000a\000\040\000w\000i\000r\000t\000u\000a\000l\000n\000y\000c\000h\000\040\000w\001\005\000t\000k\000\363\000w}{section.3.2}% 23
\BOOKMARK [2][-]{subsection.3.2.2}{\376\377\000P\000u\000l\000e\000\040\000w\000i\000r\000t\000u\000a\000l\000n\000y\000c\000h\000\040\000w\001\005\000t\000k\000\363\000w}{section.3.2}% 24
\BOOKMARK [1][-]{section.3.3}{\376\377\000W\000s\000p\000\363\001\102\000b\000i\000e\001\174\000n\000o\001\133\001\007\000\040\000s\000t\000r\000u\000k\000t\000u\000r\000a\000l\000n\000a\000\040\000\050\000S\000t\000r\000u\000c\000t\000u\000r\000e\000d\000\040\000C\000o\000n\000c\000u\000r\000r\000e\000n\000c\000y\000\051}{chapter.3}% 25
\BOOKMARK [2][-]{subsection.3.3.1}{\376\377\000C\000e\000c\000h\000y\000\040\000w\000s\000p\000\363\001\102\000b\000i\000e\001\174\000n\000o\001\133\000c\000i\000\040\000s\000t\000r\000u\000k\000t\000u\000r\000a\000l\000n\000e\000j}{section.3.3}% 26
\BOOKMARK [2][-]{subsection.3.3.2}{\376\377\000S\000t\000r\000u\000k\000t\000u\000r\000a\000\040\000i\000\040\000d\000z\000i\000a\001\102\000a\000n\000i\000e\000\040\000z\000a\000k\000r\000e\000s\000\363\000w\000\040\000z\000a\000d\000a\001\104}{section.3.3}% 27
\BOOKMARK [2][-]{subsection.3.3.3}{\376\377\000S\000t\000r\000a\000t\000e\000g\000i\000e\000\040\000s\000y\000n\000c\000h\000r\000o\000n\000i\000z\000a\000c\000j\000i\000\040\000p\000o\000d\000z\000a\000d\000a\001\104}{section.3.3}% 28
\BOOKMARK [1][-]{section.3.4}{\376\377\000W\000a\000r\000t\000o\001\133\000c\000i\000\040\000z\000a\000k\000r\000e\000s\000o\000w\000e\000\040\000\050\000S\000c\000o\000p\000e\000d\000\040\000V\000a\000l\000u\000e\000s\000\051}{chapter.3}% 29
\BOOKMARK [2][-]{subsection.3.4.1}{\376\377\000O\000p\000i\000s\000\040\000m\000e\000c\000h\000a\000n\000i\000z\000m\000u\000\040\000T\000h\000r\000e\000a\000d\000L\000o\000c\000a\000l}{section.3.4}% 30
\BOOKMARK [2][-]{subsection.3.4.2}{\376\377\000Z\000a\000s\000a\000d\000a\000\040\000d\000z\000i\000a\001\102\000a\000n\000i\000a\000\040\000w\000a\000r\000t\000o\001\133\000c\000i\000\040\000z\000a\000k\000r\000e\000s\000o\000w\000y\000c\000h}{section.3.4}% 31
\BOOKMARK [0][-]{chapter.4}{\376\377\000P\000r\000z\000e\000g\000l\001\005\000d\000\040\000l\000i\000t\000e\000r\000a\000t\000u\000r\000y\000\040\000i\000\040\000o\000p\000i\000s\000\040\000s\000t\000a\000n\000u\000\040\000b\000a\000d\000a\001\104\000\040\000n\000a\000d\000\040\000P\000r\000o\000j\000e\000c\000t\000\040\000L\000o\000o\000m}{}% 32
\BOOKMARK [1][-]{section.4.1}{\376\377\000O\000p\000i\000s\000\040\000d\000o\000t\000y\000c\000h\000c\000z\000a\000s\000o\000w\000y\000c\000h\000\040\000b\000a\000d\000a\001\104\000\040\000n\000a\000d\000\040\000P\000r\000o\000j\000e\000c\000t\000\040\000L\000o\000o\000m}{chapter.4}% 33
\BOOKMARK [1][-]{section.4.2}{\376\377\000C\000h\000a\000r\000a\000k\000t\000e\000r\000y\000s\000t\000y\000k\000a\000\040\000b\000a\000d\000a\001\104}{chapter.4}% 34
\BOOKMARK [2][-]{subsection.4.2.1}{\376\377\000O\000b\000s\001\102\000u\000g\000a\000\040\000d\000u\001\174\000e\000j\000\040\000l\000i\000c\000z\000b\000y\000\040\000r\000\363\000w\000n\000o\000c\000z\000e\000s\000n\000y\000c\000h\000\040\001\174\001\005\000d\000a\001\104\000\040\000H\000T\000T\000P}{section.4.2}% 35
\BOOKMARK [2][-]{subsection.4.2.2}{\376\377\000R\000\363\000w\000n\000o\000l\000e\000g\001\102\000e\000\040\000p\000r\000z\000e\000t\000w\000a\000r\000z\000a\000n\000i\000e\000\040\000z\001\102\000o\001\174\000o\000n\000y\000c\000h\000\040\000o\000b\000l\000i\000c\000z\000e\001\104}{section.4.2}% 36
\BOOKMARK [1][-]{section.4.3}{\376\377\000Z\000d\000e\000f\000i\000n\000i\000o\000w\000a\000n\000i\000e\000\040\000l\000u\000k\000i\000\040\000b\000a\000d\000a\000w\000c\000z\000e\000j\000\040\000i\000\040\000k\000i\000e\000r\000u\000n\000k\000u\000\040\000w\001\102\000a\000s\000n\000y\000c\000h\000\040\000b\000a\000d\000a\001\104}{chapter.4}% 37
\BOOKMARK [0][-]{chapter.5}{\376\377\000M\000e\000t\000o\000d\000y\000k\000a\000\040\000b\000a\000d\000a\001\104}{}% 38
\BOOKMARK [1][-]{section.5.1}{\376\377\000C\000e\000l\000\040\000i\000\040\000z\000a\000k\000r\000e\000s\000\040\000b\000a\000d\000a\001\104}{chapter.5}% 39
\BOOKMARK [1][-]{section.5.2}{\376\377\000S\000z\000c\000z\000e\000g\000\363\001\102\000o\000w\000y\000\040\000o\000p\000i\000s\000\040\000s\000c\000e\000n\000a\000r\000i\000u\000s\000z\000y\000\040\000t\000e\000s\000t\000o\000w\000y\000c\000h}{chapter.5}% 40
\BOOKMARK [2][-]{subsection.5.2.1}{\376\377\000S\000c\000e\000n\000a\000r\000i\000u\000s\000z\000\040\000A\000:\000\040\000I\000n\000t\000e\000g\000r\000a\000c\000j\000a\000\040\000z\000\040\000b\000a\000z\001\005\000\040\000d\000a\000n\000y\000c\000h\000\040\000z\000e\000\040\000s\000t\000e\000r\000o\000w\000n\000i\000k\000i\000e\000m\000\040\000b\000l\000o\000k\000u\000j\001\005\000c\000y\000m\000\040\000\050\000J\000D\000B\000C\000\051\000\040\000i\000\040\000r\000e\000a\000k\000t\000y\000w\000n\000y\000m\000\040\000\050\000R\0002\000D\000B\000C\000\051}{section.5.2}% 41
\BOOKMARK [2][-]{subsection.5.2.2}{\376\377\000S\000c\000e\000n\000a\000r\000i\000u\000s\000z\000\040\000B\000:\000\040\000A\000g\000r\000e\000g\000a\000c\000j\000a\000\040\000w\000y\000n\000i\000k\000\363\000w\000\040\000o\000p\000a\000r\000t\000a\000\040\000n\000a\000\040\000k\000w\000o\000r\000u\000m}{section.5.2}% 42
\BOOKMARK [0][-]{chapter.6}{\376\377\000W\000y\000n\000i\000k\000i\000\040\000b\000a\000d\000a\001\104\000\040\000i\000\040\000i\000c\000h\000\040\000a\000n\000a\000l\000i\000z\000a}{}% 43
\BOOKMARK [1][-]{section.6.1}{\376\377\000M\000e\000t\000o\000d\000y\000\040\000p\000o\000m\000i\000a\000r\000u\000\040\000i\000\040\000k\000r\000y\000t\000e\000r\000i\000a\000\040\000o\000c\000e\000n\000y}{chapter.6}% 44
\BOOKMARK [1][-]{section.6.2}{\376\377\000P\000r\000e\000z\000e\000n\000t\000a\000c\000j\000a\000\040\000w\000y\000n\000i\000k\000\363\000w\000\040\000p\000o\000m\000i\000a\000r\000\363\000w}{chapter.6}% 45
\BOOKMARK [2][-]{subsection.6.2.1}{\376\377\000S\000c\000e\000n\000a\000r\000i\000u\000s\000z\000\040\000A\000:\000\040\000I\000n\000t\000e\000g\000r\000a\000c\000j\000a\000\040\000z\000\040\000b\000a\000z\001\005\000\040\000d\000a\000n\000y\000c\000h\000\040\000z\000e\000\040\000s\000t\000e\000r\000o\000w\000n\000i\000k\000i\000e\000m\000\040\000b\000l\000o\000k\000u\000j\001\005\000c\000y\000m\000\040\000\050\000J\000D\000B\000C\000\051\000\040\000i\000\040\000r\000e\000a\000k\000t\000y\000w\000n\000y\000m\000\040\000\050\000R\0002\000D\000B\000C\000\051}{section.6.2}% 46
\BOOKMARK [2][-]{subsection.6.2.2}{\376\377\000S\000c\000e\000n\000a\000r\000i\000u\000s\000z\000\040\000B\000:\000\040\000A\000g\000r\000e\000g\000a\000c\000j\000a\000\040\000w\000y\000n\000i\000k\000\363\000w\000\040\000o\000p\000a\000r\000t\000a\000\040\000n\000a\000\040\000k\000w\000o\000r\000u\000m}{section.6.2}% 47
\BOOKMARK [1][-]{section.6.3}{\376\377\000A\000n\000a\000l\000i\000z\000a\000\040\000p\000o\000r\000\363\000w\000n\000a\000w\000c\000z\000a\000\040\000i\000\040\000i\000n\000t\000e\000r\000p\000r\000e\000t\000a\000c\000j\000a\000\040\000w\000y\000n\000i\000k\000\363\000w}{chapter.6}% 48
\BOOKMARK [0][-]{chapter.7}{\376\377\000W\000n\000i\000o\000s\000k\000i\000\040\000i\000\040\000r\000e\000k\000o\000m\000e\000n\000d\000a\000c\000j\000e}{}% 49
\BOOKMARK [1][-]{section.7.1}{\376\377\000O\000d\000p\000o\000w\000i\000e\000d\000z\000i\000\040\000n\000a\000\040\000p\000y\000t\000a\000n\000i\000a\000\040\000b\000a\000d\000a\000w\000c\000z\000e}{chapter.7}% 50
\BOOKMARK [1][-]{section.7.2}{\376\377\000R\000e\000k\000o\000m\000e\000n\000d\000a\000c\000j\000e\000\040\000i\000\040\000w\000z\000o\000r\000c\000e\000\040\000z\000a\000s\000t\000o\000s\000o\000w\000a\001\104\000\040\000m\000e\000c\000h\000a\000n\000i\000z\000m\000\363\000w\000\040\000P\000r\000o\000j\000e\000c\000t\000\040\000L\000o\000o\000m}{chapter.7}% 51
\BOOKMARK [1][-]{section.7.3}{\376\377\000O\000g\000r\000a\000n\000i\000c\000z\000e\000n\000i\000a\000\040\000b\000a\000d\000a\001\104\000\040\000i\000\040\000p\000r\000o\000p\000o\000z\000y\000c\000j\000e\000\040\000d\000a\000l\000s\000z\000y\000c\000h\000\040\000b\000a\000d\000a\001\104}{chapter.7}% 52
\BOOKMARK [0][-]{chapter.8}{\376\377\000P\000o\000d\000s\000u\000m\000o\000w\000a\000n\000i\000e}{}% 53
\BOOKMARK [0][-]{section*.35}{\376\377\000B\000i\000b\000l\000i\000o\000g\000r\000a\000f\000i\000a}{}% 54
\BOOKMARK [0][-]{section*.37}{\376\377\000S\000p\000i\000s\000\040\000r\000y\000s\000u\000n\000k\000\363\000w}{}% 55
\BOOKMARK [0][-]{section*.39}{\376\377\000S\000p\000i\000s\000\040\000t\000a\000b\000e\000l}{}% 56
\BOOKMARK [0][-]{section*.41}{\376\377\000S\000p\000i\000s\000\040\000k\000o\000d\000\363\000w\000\040\001\172\000r\000\363\000d\001\102\000o\000w\000y\000c\000h}{}% 57
